[2025-09-23 17:00:50,470][flp2p.graph_runner][INFO] - Train, Round 0 : loss => 2.1028265922178027,  accuracy: 0.22035
[2025-09-23 17:00:50,470][flp2p.graph_runner][INFO] - Test, Round 0 : loss => 2.1066812473942833,  accuracy: 0.2209
[2025-09-23 17:01:20,110][flp2p.graph_runner][INFO] - Train, Round 1 : loss => 1.9694255012631603,  accuracy: 0.29646666666666666
[2025-09-23 17:01:20,110][flp2p.graph_runner][INFO] - Test, Round 1 : loss => 1.9731328716528416,  accuracy: 0.297
[2025-09-23 17:01:49,684][flp2p.graph_runner][INFO] - Train, Round 2 : loss => 1.8384278887670122,  accuracy: 0.34415
[2025-09-23 17:01:49,684][flp2p.graph_runner][INFO] - Test, Round 2 : loss => 1.8365969804739704,  accuracy: 0.3429
[2025-09-23 17:02:20,143][flp2p.graph_runner][INFO] - Train, Round 3 : loss => 1.7209672544639603,  accuracy: 0.3831
[2025-09-23 17:02:20,143][flp2p.graph_runner][INFO] - Test, Round 3 : loss => 1.7194590740634486,  accuracy: 0.3809
[2025-09-23 17:02:49,260][flp2p.graph_runner][INFO] - Train, Round 4 : loss => 1.611310128004789,  accuracy: 0.4303666666666667
[2025-09-23 17:02:49,260][flp2p.graph_runner][INFO] - Test, Round 4 : loss => 1.622337434965164,  accuracy: 0.426
[2025-09-23 17:03:19,105][flp2p.graph_runner][INFO] - Train, Round 5 : loss => 1.5081113093145215,  accuracy: 0.47196666666666665
[2025-09-23 17:03:19,105][flp2p.graph_runner][INFO] - Test, Round 5 : loss => 1.5152738062901576,  accuracy: 0.4654
[2025-09-23 17:03:48,335][flp2p.graph_runner][INFO] - Train, Round 6 : loss => 1.45974815527944,  accuracy: 0.5065333333333333
[2025-09-23 17:03:48,335][flp2p.graph_runner][INFO] - Test, Round 6 : loss => 1.4698053210567714,  accuracy: 0.5002
[2025-09-23 17:04:18,977][flp2p.graph_runner][INFO] - Train, Round 7 : loss => 1.3560492137489781,  accuracy: 0.5430666666666667
[2025-09-23 17:04:18,977][flp2p.graph_runner][INFO] - Test, Round 7 : loss => 1.3698254209979157,  accuracy: 0.5375
[2025-09-23 17:04:49,860][flp2p.graph_runner][INFO] - Train, Round 8 : loss => 1.2817376083654954,  accuracy: 0.5630166666666667
[2025-09-23 17:04:49,860][flp2p.graph_runner][INFO] - Test, Round 8 : loss => 1.293518229785428,  accuracy: 0.5599
[2025-09-23 17:05:20,366][flp2p.graph_runner][INFO] - Train, Round 9 : loss => 1.1954561011551381,  accuracy: 0.5977333333333333
[2025-09-23 17:05:20,366][flp2p.graph_runner][INFO] - Test, Round 9 : loss => 1.2028113729377807,  accuracy: 0.5937
[2025-09-23 17:05:50,646][flp2p.graph_runner][INFO] - Train, Round 10 : loss => 1.0432021510027547,  accuracy: 0.6399166666666667
[2025-09-23 17:05:50,646][flp2p.graph_runner][INFO] - Test, Round 10 : loss => 1.0607015317817057,  accuracy: 0.6338
[2025-09-23 17:06:21,055][flp2p.graph_runner][INFO] - Train, Round 11 : loss => 0.9835580758227831,  accuracy: 0.6635666666666666
[2025-09-23 17:06:21,055][flp2p.graph_runner][INFO] - Test, Round 11 : loss => 1.0063707611499504,  accuracy: 0.6563
[2025-09-23 17:06:51,319][flp2p.graph_runner][INFO] - Train, Round 12 : loss => 1.0309481355115622,  accuracy: 0.6763833333333333
[2025-09-23 17:06:51,320][flp2p.graph_runner][INFO] - Test, Round 12 : loss => 1.060559456031567,  accuracy: 0.6697
[2025-09-23 17:07:20,292][flp2p.graph_runner][INFO] - Train, Round 13 : loss => 0.9350299778133876,  accuracy: 0.6992166666666667
[2025-09-23 17:07:20,293][flp2p.graph_runner][INFO] - Test, Round 13 : loss => 0.9842412145503325,  accuracy: 0.6906
[2025-09-23 17:07:50,533][flp2p.graph_runner][INFO] - Train, Round 14 : loss => 0.8009634939815358,  accuracy: 0.7328
[2025-09-23 17:07:50,533][flp2p.graph_runner][INFO] - Test, Round 14 : loss => 0.8402214544839753,  accuracy: 0.7229
[2025-09-23 17:08:21,137][flp2p.graph_runner][INFO] - Train, Round 15 : loss => 0.6988018561611105,  accuracy: 0.7663666666666666
[2025-09-23 17:08:21,137][flp2p.graph_runner][INFO] - Test, Round 15 : loss => 0.7400839091689233,  accuracy: 0.7548
[2025-09-23 17:08:50,662][flp2p.graph_runner][INFO] - Train, Round 16 : loss => 0.6536219005706773,  accuracy: 0.7843166666666667
[2025-09-23 17:08:50,663][flp2p.graph_runner][INFO] - Test, Round 16 : loss => 0.699186033640354,  accuracy: 0.7699
[2025-09-23 17:09:20,082][flp2p.graph_runner][INFO] - Train, Round 17 : loss => 0.6219453837263226,  accuracy: 0.79455
[2025-09-23 17:09:20,082][flp2p.graph_runner][INFO] - Test, Round 17 : loss => 0.6732171371770891,  accuracy: 0.7769
[2025-09-23 17:09:50,714][flp2p.graph_runner][INFO] - Train, Round 18 : loss => 0.6048620026123904,  accuracy: 0.8014666666666667
[2025-09-23 17:09:50,714][flp2p.graph_runner][INFO] - Test, Round 18 : loss => 0.6600382137083161,  accuracy: 0.7825
[2025-09-23 17:10:20,600][flp2p.graph_runner][INFO] - Train, Round 19 : loss => 0.594574828544283,  accuracy: 0.8073
[2025-09-23 17:10:20,600][flp2p.graph_runner][INFO] - Test, Round 19 : loss => 0.6512337975916165,  accuracy: 0.7876
[2025-09-23 17:10:50,302][flp2p.graph_runner][INFO] - Train, Round 20 : loss => 0.5792644409007883,  accuracy: 0.8151833333333334
[2025-09-23 17:10:50,302][flp2p.graph_runner][INFO] - Test, Round 20 : loss => 0.64275897412766,  accuracy: 0.7945
[2025-09-23 17:11:19,491][flp2p.graph_runner][INFO] - Train, Round 21 : loss => 0.5722254584364784,  accuracy: 0.8173166666666667
[2025-09-23 17:11:19,491][flp2p.graph_runner][INFO] - Test, Round 21 : loss => 0.6340476876937807,  accuracy: 0.7958
[2025-09-23 17:11:50,281][flp2p.graph_runner][INFO] - Train, Round 22 : loss => 0.507128935711294,  accuracy: 0.8339166666666666
[2025-09-23 17:11:50,281][flp2p.graph_runner][INFO] - Test, Round 22 : loss => 0.5810251667848532,  accuracy: 0.8114
[2025-09-23 17:12:21,362][flp2p.graph_runner][INFO] - Train, Round 23 : loss => 0.486661530478599,  accuracy: 0.8431333333333333
[2025-09-23 17:12:21,363][flp2p.graph_runner][INFO] - Test, Round 23 : loss => 0.5536994315400231,  accuracy: 0.8195
[2025-09-23 17:12:52,309][flp2p.graph_runner][INFO] - Train, Round 24 : loss => 0.4557890078567445,  accuracy: 0.8481833333333333
[2025-09-23 17:12:52,309][flp2p.graph_runner][INFO] - Test, Round 24 : loss => 0.5317886998562729,  accuracy: 0.8233
[2025-09-23 17:13:23,397][flp2p.graph_runner][INFO] - Train, Round 25 : loss => 0.4496396066041823,  accuracy: 0.8521
[2025-09-23 17:13:23,397][flp2p.graph_runner][INFO] - Test, Round 25 : loss => 0.5406808898277825,  accuracy: 0.8273
[2025-09-23 17:13:54,544][flp2p.graph_runner][INFO] - Train, Round 26 : loss => 0.44528709081374734,  accuracy: 0.85685
[2025-09-23 17:13:54,544][flp2p.graph_runner][INFO] - Test, Round 26 : loss => 0.538186535791936,  accuracy: 0.8308
[2025-09-23 17:14:25,204][flp2p.graph_runner][INFO] - Train, Round 27 : loss => 0.411370151554623,  accuracy: 0.8684833333333334
[2025-09-23 17:14:25,204][flp2p.graph_runner][INFO] - Test, Round 27 : loss => 0.49127102178988497,  accuracy: 0.8441
[2025-09-23 17:14:56,048][flp2p.graph_runner][INFO] - Train, Round 28 : loss => 0.4270140095867518,  accuracy: 0.8675666666666667
[2025-09-23 17:14:56,049][flp2p.graph_runner][INFO] - Test, Round 28 : loss => 0.5067200362322051,  accuracy: 0.8441
[2025-09-23 17:15:26,603][flp2p.graph_runner][INFO] - Train, Round 29 : loss => 0.4525211943149033,  accuracy: 0.8699833333333333
[2025-09-23 17:15:26,603][flp2p.graph_runner][INFO] - Test, Round 29 : loss => 0.5553168899871228,  accuracy: 0.8443
[2025-09-23 17:15:58,058][flp2p.graph_runner][INFO] - Train, Round 30 : loss => 0.3751399537680284,  accuracy: 0.8839666666666667
[2025-09-23 17:15:58,058][flp2p.graph_runner][INFO] - Test, Round 30 : loss => 0.4733602653666297,  accuracy: 0.8563
[2025-09-23 17:16:30,171][flp2p.graph_runner][INFO] - Train, Round 31 : loss => 0.3728358873169749,  accuracy: 0.8853
[2025-09-23 17:16:30,171][flp2p.graph_runner][INFO] - Test, Round 31 : loss => 0.47191498739766286,  accuracy: 0.8568
[2025-09-23 17:17:02,558][flp2p.graph_runner][INFO] - Train, Round 32 : loss => 0.34615255934286066,  accuracy: 0.8919333333333334
[2025-09-23 17:17:02,558][flp2p.graph_runner][INFO] - Test, Round 32 : loss => 0.445641444393857,  accuracy: 0.8632
[2025-09-23 17:17:35,823][flp2p.graph_runner][INFO] - Train, Round 33 : loss => 0.3597528378225332,  accuracy: 0.8918833333333334
[2025-09-23 17:17:35,824][flp2p.graph_runner][INFO] - Test, Round 33 : loss => 0.4587194870768881,  accuracy: 0.8631
[2025-09-23 17:18:08,741][flp2p.graph_runner][INFO] - Train, Round 34 : loss => 0.328334347019985,  accuracy: 0.8996666666666666
[2025-09-23 17:18:08,741][flp2p.graph_runner][INFO] - Test, Round 34 : loss => 0.429387789969413,  accuracy: 0.8696
[2025-09-23 17:18:40,055][flp2p.graph_runner][INFO] - Train, Round 35 : loss => 0.3043856206521235,  accuracy: 0.90735
[2025-09-23 17:18:40,055][flp2p.graph_runner][INFO] - Test, Round 35 : loss => 0.4152822903959076,  accuracy: 0.874
[2025-09-23 17:19:13,864][flp2p.graph_runner][INFO] - Train, Round 36 : loss => 0.28899812727168733,  accuracy: 0.9119333333333334
[2025-09-23 17:19:13,864][flp2p.graph_runner][INFO] - Test, Round 36 : loss => 0.3994498277451739,  accuracy: 0.8788
[2025-09-23 17:19:45,582][flp2p.graph_runner][INFO] - Train, Round 37 : loss => 0.29402366591684453,  accuracy: 0.9096333333333333
[2025-09-23 17:19:45,582][flp2p.graph_runner][INFO] - Test, Round 37 : loss => 0.4137993633748525,  accuracy: 0.8766
[2025-09-23 17:20:17,964][flp2p.graph_runner][INFO] - Train, Round 38 : loss => 0.2774984577580033,  accuracy: 0.9173666666666667
[2025-09-23 17:20:17,965][flp2p.graph_runner][INFO] - Test, Round 38 : loss => 0.39939059293341955,  accuracy: 0.8826
[2025-09-23 17:20:50,522][flp2p.graph_runner][INFO] - Train, Round 39 : loss => 0.2639279161820214,  accuracy: 0.9203333333333333
[2025-09-23 17:20:50,522][flp2p.graph_runner][INFO] - Test, Round 39 : loss => 0.3889569163173622,  accuracy: 0.8843
[2025-09-23 17:21:23,364][flp2p.graph_runner][INFO] - Train, Round 40 : loss => 0.25060390221454787,  accuracy: 0.9244166666666667
[2025-09-23 17:21:23,364][flp2p.graph_runner][INFO] - Test, Round 40 : loss => 0.3747862582187706,  accuracy: 0.89
[2025-09-23 17:21:56,436][flp2p.graph_runner][INFO] - Train, Round 41 : loss => 0.3306044942060413,  accuracy: 0.92045
[2025-09-23 17:21:56,436][flp2p.graph_runner][INFO] - Test, Round 41 : loss => 0.4644147123565431,  accuracy: 0.8865
[2025-09-23 17:22:29,418][flp2p.graph_runner][INFO] - Train, Round 42 : loss => 0.19637074914775035,  accuracy: 0.9396333333333333
[2025-09-23 17:22:29,418][flp2p.graph_runner][INFO] - Test, Round 42 : loss => 0.32112957945451753,  accuracy: 0.9035
[2025-09-23 17:23:01,838][flp2p.graph_runner][INFO] - Train, Round 43 : loss => 0.19385502162197105,  accuracy: 0.9412166666666667
[2025-09-23 17:23:01,838][flp2p.graph_runner][INFO] - Test, Round 43 : loss => 0.31921983023126443,  accuracy: 0.9057
[2025-09-23 17:23:34,443][flp2p.graph_runner][INFO] - Train, Round 44 : loss => 0.1921574376661091,  accuracy: 0.9417
[2025-09-23 17:23:34,444][flp2p.graph_runner][INFO] - Test, Round 44 : loss => 0.31995054485644175,  accuracy: 0.905
[2025-09-23 17:24:07,221][flp2p.graph_runner][INFO] - Train, Round 45 : loss => 0.18707366452774596,  accuracy: 0.9428666666666666
[2025-09-23 17:24:07,222][flp2p.graph_runner][INFO] - Test, Round 45 : loss => 0.31520501248588506,  accuracy: 0.908
[2025-09-23 17:24:39,458][flp2p.graph_runner][INFO] - Train, Round 46 : loss => 0.31829385527601206,  accuracy: 0.9362666666666667
[2025-09-23 17:24:39,458][flp2p.graph_runner][INFO] - Test, Round 46 : loss => 0.4428411550334684,  accuracy: 0.8975
[2025-09-23 17:25:13,695][flp2p.graph_runner][INFO] - Train, Round 47 : loss => 0.1950071461472962,  accuracy: 0.9406666666666667
[2025-09-23 17:25:13,695][flp2p.graph_runner][INFO] - Test, Round 47 : loss => 0.33397159886284117,  accuracy: 0.9008
[2025-09-23 17:25:46,446][flp2p.graph_runner][INFO] - Train, Round 48 : loss => 0.16600485629465647,  accuracy: 0.94875
[2025-09-23 17:25:46,446][flp2p.graph_runner][INFO] - Test, Round 48 : loss => 0.3113209102145729,  accuracy: 0.9072
[2025-09-23 17:26:20,205][flp2p.graph_runner][INFO] - Train, Round 49 : loss => 0.16482866411688765,  accuracy: 0.9503666666666667
[2025-09-23 17:26:20,205][flp2p.graph_runner][INFO] - Test, Round 49 : loss => 0.3055947198643277,  accuracy: 0.9076
[2025-09-23 17:26:52,887][flp2p.graph_runner][INFO] - Train, Round 50 : loss => 0.15001080984819384,  accuracy: 0.9564333333333334
[2025-09-23 17:26:52,887][flp2p.graph_runner][INFO] - Test, Round 50 : loss => 0.29246779297929953,  accuracy: 0.9125
[2025-09-23 17:27:25,715][flp2p.graph_runner][INFO] - Train, Round 51 : loss => 0.14401286111228984,  accuracy: 0.9571833333333334
[2025-09-23 17:27:25,716][flp2p.graph_runner][INFO] - Test, Round 51 : loss => 0.2856843939079853,  accuracy: 0.9138
[2025-09-23 17:27:58,467][flp2p.graph_runner][INFO] - Train, Round 52 : loss => 0.20388498571819438,  accuracy: 0.9562833333333334
[2025-09-23 17:27:58,467][flp2p.graph_runner][INFO] - Test, Round 52 : loss => 0.35620269355794215,  accuracy: 0.9133
[2025-09-23 17:28:31,493][flp2p.graph_runner][INFO] - Train, Round 53 : loss => 0.2147333388300913,  accuracy: 0.9556166666666667
[2025-09-23 17:28:31,493][flp2p.graph_runner][INFO] - Test, Round 53 : loss => 0.3625505848013825,  accuracy: 0.9126
[2025-09-23 17:29:04,484][flp2p.graph_runner][INFO] - Train, Round 54 : loss => 0.2033648958543202,  accuracy: 0.958
[2025-09-23 17:29:04,485][flp2p.graph_runner][INFO] - Test, Round 54 : loss => 0.34757808664185325,  accuracy: 0.9154
[2025-09-23 17:29:37,267][flp2p.graph_runner][INFO] - Train, Round 55 : loss => 0.20339126155044865,  accuracy: 0.9571833333333334
[2025-09-23 17:29:37,267][flp2p.graph_runner][INFO] - Test, Round 55 : loss => 0.34920026788858094,  accuracy: 0.9153
[2025-09-23 17:30:08,278][flp2p.graph_runner][INFO] - Train, Round 56 : loss => 0.1951460296758423,  accuracy: 0.9580333333333333
[2025-09-23 17:30:08,278][flp2p.graph_runner][INFO] - Test, Round 56 : loss => 0.34898224474206274,  accuracy: 0.9149
[2025-09-23 17:30:40,784][flp2p.graph_runner][INFO] - Train, Round 57 : loss => 0.19525369638630666,  accuracy: 0.9594833333333334
[2025-09-23 17:30:40,784][flp2p.graph_runner][INFO] - Test, Round 57 : loss => 0.3456502728260286,  accuracy: 0.9177
[2025-09-23 17:31:13,028][flp2p.graph_runner][INFO] - Train, Round 58 : loss => 0.19268603400699533,  accuracy: 0.9596666666666667
[2025-09-23 17:31:13,028][flp2p.graph_runner][INFO] - Test, Round 58 : loss => 0.3421903739781438,  accuracy: 0.9185
[2025-09-23 17:31:45,104][flp2p.graph_runner][INFO] - Train, Round 59 : loss => 0.11747451871854085,  accuracy: 0.9612666666666667
[2025-09-23 17:31:45,104][flp2p.graph_runner][INFO] - Test, Round 59 : loss => 0.2638716785986917,  accuracy: 0.9193
[2025-09-23 17:32:17,567][flp2p.graph_runner][INFO] - Train, Round 60 : loss => 0.11374881108446964,  accuracy: 0.9631166666666666
[2025-09-23 17:32:17,568][flp2p.graph_runner][INFO] - Test, Round 60 : loss => 0.258356433674917,  accuracy: 0.9206
[2025-09-23 17:32:50,545][flp2p.graph_runner][INFO] - Train, Round 61 : loss => 0.12045889403211568,  accuracy: 0.9616666666666667
[2025-09-23 17:32:50,545][flp2p.graph_runner][INFO] - Test, Round 61 : loss => 0.27436022255231635,  accuracy: 0.9191
[2025-09-23 17:33:22,448][flp2p.graph_runner][INFO] - Train, Round 62 : loss => 0.10240595980117674,  accuracy: 0.9660333333333333
[2025-09-23 17:33:22,448][flp2p.graph_runner][INFO] - Test, Round 62 : loss => 0.25026735042445547,  accuracy: 0.9244
[2025-09-23 17:33:54,792][flp2p.graph_runner][INFO] - Train, Round 63 : loss => 0.08379931476433565,  accuracy: 0.9737833333333333
[2025-09-23 17:33:54,792][flp2p.graph_runner][INFO] - Test, Round 63 : loss => 0.23343308617500788,  accuracy: 0.9309
[2025-09-23 17:34:27,126][flp2p.graph_runner][INFO] - Train, Round 64 : loss => 0.08117551795570306,  accuracy: 0.9746
[2025-09-23 17:34:27,126][flp2p.graph_runner][INFO] - Test, Round 64 : loss => 0.230921290588235,  accuracy: 0.9313
[2025-09-23 17:34:59,911][flp2p.graph_runner][INFO] - Train, Round 65 : loss => 0.08086411068740855,  accuracy: 0.97485
[2025-09-23 17:34:59,911][flp2p.graph_runner][INFO] - Test, Round 65 : loss => 0.2319906320371545,  accuracy: 0.9298
[2025-09-23 17:35:32,468][flp2p.graph_runner][INFO] - Train, Round 66 : loss => 0.07895050137229327,  accuracy: 0.9752333333333333
[2025-09-23 17:35:32,468][flp2p.graph_runner][INFO] - Test, Round 66 : loss => 0.23132820882521427,  accuracy: 0.9293
[2025-09-23 17:36:04,380][flp2p.graph_runner][INFO] - Train, Round 67 : loss => 0.07304292498227723,  accuracy: 0.9773
[2025-09-23 17:36:04,380][flp2p.graph_runner][INFO] - Test, Round 67 : loss => 0.22925953274190689,  accuracy: 0.9311
[2025-09-23 17:36:36,897][flp2p.graph_runner][INFO] - Train, Round 68 : loss => 0.068580613577841,  accuracy: 0.9788833333333333
[2025-09-23 17:36:36,897][flp2p.graph_runner][INFO] - Test, Round 68 : loss => 0.22339944244392995,  accuracy: 0.9318
[2025-09-23 17:37:08,670][flp2p.graph_runner][INFO] - Train, Round 69 : loss => 0.07244293643176831,  accuracy: 0.9769833333333333
[2025-09-23 17:37:08,671][flp2p.graph_runner][INFO] - Test, Round 69 : loss => 0.2299817786285871,  accuracy: 0.93
[2025-09-23 17:37:41,293][flp2p.graph_runner][INFO] - Train, Round 70 : loss => 0.07315582556842673,  accuracy: 0.9769833333333333
[2025-09-23 17:37:41,294][flp2p.graph_runner][INFO] - Test, Round 70 : loss => 0.22969427131285428,  accuracy: 0.9308
[2025-09-23 17:38:13,710][flp2p.graph_runner][INFO] - Train, Round 71 : loss => 0.07012007403388598,  accuracy: 0.9775
[2025-09-23 17:38:13,710][flp2p.graph_runner][INFO] - Test, Round 71 : loss => 0.22964385281768035,  accuracy: 0.9312
[2025-09-23 17:38:47,594][flp2p.graph_runner][INFO] - Train, Round 72 : loss => 0.06769589989794011,  accuracy: 0.9787
[2025-09-23 17:38:47,594][flp2p.graph_runner][INFO] - Test, Round 72 : loss => 0.22726933121046158,  accuracy: 0.932
[2025-09-23 17:39:20,678][flp2p.graph_runner][INFO] - Train, Round 73 : loss => 0.06755442746499891,  accuracy: 0.97875
[2025-09-23 17:39:20,678][flp2p.graph_runner][INFO] - Test, Round 73 : loss => 0.22900673298216842,  accuracy: 0.9319
[2025-09-23 17:39:53,625][flp2p.graph_runner][INFO] - Train, Round 74 : loss => 0.06874377462073092,  accuracy: 0.9789
[2025-09-23 17:39:53,625][flp2p.graph_runner][INFO] - Test, Round 74 : loss => 0.22783682725855256,  accuracy: 0.9332
[2025-09-23 17:40:26,076][flp2p.graph_runner][INFO] - Train, Round 75 : loss => 0.06151343069391166,  accuracy: 0.9811
[2025-09-23 17:40:26,076][flp2p.graph_runner][INFO] - Test, Round 75 : loss => 0.2239307018672921,  accuracy: 0.9357
[2025-09-23 17:40:58,034][flp2p.graph_runner][INFO] - Train, Round 76 : loss => 0.060476220231721875,  accuracy: 0.9814833333333334
[2025-09-23 17:40:58,035][flp2p.graph_runner][INFO] - Test, Round 76 : loss => 0.2245145158369587,  accuracy: 0.936
[2025-09-23 17:41:29,711][flp2p.graph_runner][INFO] - Train, Round 77 : loss => 0.061154702086962116,  accuracy: 0.9819
[2025-09-23 17:41:29,712][flp2p.graph_runner][INFO] - Test, Round 77 : loss => 0.22587835119222563,  accuracy: 0.9368
[2025-09-23 17:42:02,059][flp2p.graph_runner][INFO] - Train, Round 78 : loss => 0.06084653048197035,  accuracy: 0.9821166666666666
[2025-09-23 17:42:02,059][flp2p.graph_runner][INFO] - Test, Round 78 : loss => 0.22567368838162538,  accuracy: 0.9365
[2025-09-23 17:42:34,966][flp2p.graph_runner][INFO] - Train, Round 79 : loss => 0.06028658313879177,  accuracy: 0.982
[2025-09-23 17:42:34,966][flp2p.graph_runner][INFO] - Test, Round 79 : loss => 0.2275930915580371,  accuracy: 0.9349
[2025-09-23 17:43:08,581][flp2p.graph_runner][INFO] - Train, Round 80 : loss => 0.0939544972347819,  accuracy: 0.9753833333333334
[2025-09-23 17:43:08,582][flp2p.graph_runner][INFO] - Test, Round 80 : loss => 0.26529825644248306,  accuracy: 0.928
[2025-09-23 17:43:41,037][flp2p.graph_runner][INFO] - Train, Round 81 : loss => 0.0858253288834758,  accuracy: 0.9766
[2025-09-23 17:43:41,037][flp2p.graph_runner][INFO] - Test, Round 81 : loss => 0.2605028536780225,  accuracy: 0.9291
[2025-09-23 17:44:12,249][flp2p.graph_runner][INFO] - Train, Round 82 : loss => 0.08840962744051148,  accuracy: 0.9761166666666666
[2025-09-23 17:44:12,249][flp2p.graph_runner][INFO] - Test, Round 82 : loss => 0.2633768272419988,  accuracy: 0.9287
[2025-09-23 17:44:44,377][flp2p.graph_runner][INFO] - Train, Round 83 : loss => 0.08930620377514445,  accuracy: 0.9759833333333333
[2025-09-23 17:44:44,377][flp2p.graph_runner][INFO] - Test, Round 83 : loss => 0.26535007668438987,  accuracy: 0.9289
[2025-09-23 17:45:16,359][flp2p.graph_runner][INFO] - Train, Round 84 : loss => 0.08526298192117296,  accuracy: 0.9770833333333333
[2025-09-23 17:45:16,359][flp2p.graph_runner][INFO] - Test, Round 84 : loss => 0.26128992490116515,  accuracy: 0.9305
[2025-09-23 17:45:48,404][flp2p.graph_runner][INFO] - Train, Round 85 : loss => 0.08426174990771919,  accuracy: 0.9772
[2025-09-23 17:45:48,404][flp2p.graph_runner][INFO] - Test, Round 85 : loss => 0.2617211939053152,  accuracy: 0.9303
[2025-09-23 17:46:20,013][flp2p.graph_runner][INFO] - Train, Round 86 : loss => 0.08525022612406548,  accuracy: 0.977
[2025-09-23 17:46:20,013][flp2p.graph_runner][INFO] - Test, Round 86 : loss => 0.2626067663343594,  accuracy: 0.929
[2025-09-23 17:46:53,132][flp2p.graph_runner][INFO] - Train, Round 87 : loss => 0.0830791854032345,  accuracy: 0.9782166666666666
[2025-09-23 17:46:53,132][flp2p.graph_runner][INFO] - Test, Round 87 : loss => 0.26113708957067283,  accuracy: 0.9295
[2025-09-23 17:47:23,715][flp2p.graph_runner][INFO] - Train, Round 88 : loss => 0.08370791086920742,  accuracy: 0.97845
[2025-09-23 17:47:23,716][flp2p.graph_runner][INFO] - Test, Round 88 : loss => 0.26116112159773375,  accuracy: 0.9299
[2025-09-23 17:47:56,129][flp2p.graph_runner][INFO] - Train, Round 89 : loss => 0.08227939617995049,  accuracy: 0.9782166666666666
[2025-09-23 17:47:56,129][flp2p.graph_runner][INFO] - Test, Round 89 : loss => 0.2623433743559629,  accuracy: 0.9302
[2025-09-23 17:48:27,576][flp2p.graph_runner][INFO] - Train, Round 90 : loss => 0.08411150449462268,  accuracy: 0.97815
[2025-09-23 17:48:27,576][flp2p.graph_runner][INFO] - Test, Round 90 : loss => 0.2657137474026734,  accuracy: 0.9308
[2025-09-23 17:49:00,189][flp2p.graph_runner][INFO] - Train, Round 91 : loss => 0.08860565462418128,  accuracy: 0.9782166666666666
[2025-09-23 17:49:00,189][flp2p.graph_runner][INFO] - Test, Round 91 : loss => 0.26611135505608,  accuracy: 0.93
[2025-09-23 17:49:31,575][flp2p.graph_runner][INFO] - Train, Round 92 : loss => 0.08320520662295629,  accuracy: 0.9796333333333334
[2025-09-23 17:49:31,576][flp2p.graph_runner][INFO] - Test, Round 92 : loss => 0.26118062108924295,  accuracy: 0.9311
[2025-09-23 17:50:03,121][flp2p.graph_runner][INFO] - Train, Round 93 : loss => 0.08764356362409198,  accuracy: 0.9780166666666666
[2025-09-23 17:50:03,121][flp2p.graph_runner][INFO] - Test, Round 93 : loss => 0.27239161687116586,  accuracy: 0.9298
[2025-09-23 17:50:59,725][flp2p.graph_runner][INFO] - Train, Round 94 : loss => 0.08702432829139989,  accuracy: 0.9777
[2025-09-23 17:50:59,725][flp2p.graph_runner][INFO] - Test, Round 94 : loss => 0.2715716084869226,  accuracy: 0.9302
[2025-09-23 17:51:38,947][flp2p.graph_runner][INFO] - Train, Round 95 : loss => 0.08426646502363519,  accuracy: 0.9785333333333334
[2025-09-23 17:51:38,947][flp2p.graph_runner][INFO] - Test, Round 95 : loss => 0.26999778334590524,  accuracy: 0.9314
[2025-09-23 17:52:10,228][flp2p.graph_runner][INFO] - Train, Round 96 : loss => 0.08187383566245429,  accuracy: 0.9788333333333333
[2025-09-23 17:52:10,228][flp2p.graph_runner][INFO] - Test, Round 96 : loss => 0.2690562216100647,  accuracy: 0.9312
[2025-09-23 17:52:42,535][flp2p.graph_runner][INFO] - Train, Round 97 : loss => 0.0845577569270786,  accuracy: 0.979
[2025-09-23 17:52:42,535][flp2p.graph_runner][INFO] - Test, Round 97 : loss => 0.2684767596086117,  accuracy: 0.9308
[2025-09-23 17:53:13,045][flp2p.graph_runner][INFO] - Train, Round 98 : loss => 0.045997436147881675,  accuracy: 0.9864166666666667
[2025-09-23 17:53:13,045][flp2p.graph_runner][INFO] - Test, Round 98 : loss => 0.22990698889348252,  accuracy: 0.9377
[2025-09-23 17:53:44,199][flp2p.graph_runner][INFO] - Train, Round 99 : loss => 0.0498209822695742,  accuracy: 0.9862166666666666
[2025-09-23 17:53:44,199][flp2p.graph_runner][INFO] - Test, Round 99 : loss => 0.22887751955542307,  accuracy: 0.9393
[2025-09-23 17:53:44,200][__main__][INFO] - Train, Round 001: Loss=2.1028, Accuracy=0.220350
[2025-09-23 17:53:44,200][__main__][INFO] - Train, Round 002: Loss=1.9694, Accuracy=0.296467
[2025-09-23 17:53:44,200][__main__][INFO] - Train, Round 003: Loss=1.8384, Accuracy=0.344150
[2025-09-23 17:53:44,200][__main__][INFO] - Train, Round 004: Loss=1.7210, Accuracy=0.383100
[2025-09-23 17:53:44,200][__main__][INFO] - Train, Round 005: Loss=1.6113, Accuracy=0.430367
[2025-09-23 17:53:44,200][__main__][INFO] - Train, Round 006: Loss=1.5081, Accuracy=0.471967
[2025-09-23 17:53:44,200][__main__][INFO] - Train, Round 007: Loss=1.4597, Accuracy=0.506533
[2025-09-23 17:53:44,200][__main__][INFO] - Train, Round 008: Loss=1.3560, Accuracy=0.543067
[2025-09-23 17:53:44,200][__main__][INFO] - Train, Round 009: Loss=1.2817, Accuracy=0.563017
[2025-09-23 17:53:44,200][__main__][INFO] - Train, Round 010: Loss=1.1955, Accuracy=0.597733
[2025-09-23 17:53:44,200][__main__][INFO] - Train, Round 011: Loss=1.0432, Accuracy=0.639917
[2025-09-23 17:53:44,200][__main__][INFO] - Train, Round 012: Loss=0.9836, Accuracy=0.663567
[2025-09-23 17:53:44,200][__main__][INFO] - Train, Round 013: Loss=1.0309, Accuracy=0.676383
[2025-09-23 17:53:44,200][__main__][INFO] - Train, Round 014: Loss=0.9350, Accuracy=0.699217
[2025-09-23 17:53:44,200][__main__][INFO] - Train, Round 015: Loss=0.8010, Accuracy=0.732800
[2025-09-23 17:53:44,200][__main__][INFO] - Train, Round 016: Loss=0.6988, Accuracy=0.766367
[2025-09-23 17:53:44,200][__main__][INFO] - Train, Round 017: Loss=0.6536, Accuracy=0.784317
[2025-09-23 17:53:44,200][__main__][INFO] - Train, Round 018: Loss=0.6219, Accuracy=0.794550
[2025-09-23 17:53:44,200][__main__][INFO] - Train, Round 019: Loss=0.6049, Accuracy=0.801467
[2025-09-23 17:53:44,200][__main__][INFO] - Train, Round 020: Loss=0.5946, Accuracy=0.807300
[2025-09-23 17:53:44,200][__main__][INFO] - Train, Round 021: Loss=0.5793, Accuracy=0.815183
[2025-09-23 17:53:44,200][__main__][INFO] - Train, Round 022: Loss=0.5722, Accuracy=0.817317
[2025-09-23 17:53:44,200][__main__][INFO] - Train, Round 023: Loss=0.5071, Accuracy=0.833917
[2025-09-23 17:53:44,200][__main__][INFO] - Train, Round 024: Loss=0.4867, Accuracy=0.843133
[2025-09-23 17:53:44,200][__main__][INFO] - Train, Round 025: Loss=0.4558, Accuracy=0.848183
[2025-09-23 17:53:44,200][__main__][INFO] - Train, Round 026: Loss=0.4496, Accuracy=0.852100
[2025-09-23 17:53:44,200][__main__][INFO] - Train, Round 027: Loss=0.4453, Accuracy=0.856850
[2025-09-23 17:53:44,200][__main__][INFO] - Train, Round 028: Loss=0.4114, Accuracy=0.868483
[2025-09-23 17:53:44,200][__main__][INFO] - Train, Round 029: Loss=0.4270, Accuracy=0.867567
[2025-09-23 17:53:44,200][__main__][INFO] - Train, Round 030: Loss=0.4525, Accuracy=0.869983
[2025-09-23 17:53:44,200][__main__][INFO] - Train, Round 031: Loss=0.3751, Accuracy=0.883967
[2025-09-23 17:53:44,200][__main__][INFO] - Train, Round 032: Loss=0.3728, Accuracy=0.885300
[2025-09-23 17:53:44,200][__main__][INFO] - Train, Round 033: Loss=0.3462, Accuracy=0.891933
[2025-09-23 17:53:44,200][__main__][INFO] - Train, Round 034: Loss=0.3598, Accuracy=0.891883
[2025-09-23 17:53:44,200][__main__][INFO] - Train, Round 035: Loss=0.3283, Accuracy=0.899667
[2025-09-23 17:53:44,200][__main__][INFO] - Train, Round 036: Loss=0.3044, Accuracy=0.907350
[2025-09-23 17:53:44,200][__main__][INFO] - Train, Round 037: Loss=0.2890, Accuracy=0.911933
[2025-09-23 17:53:44,200][__main__][INFO] - Train, Round 038: Loss=0.2940, Accuracy=0.909633
[2025-09-23 17:53:44,200][__main__][INFO] - Train, Round 039: Loss=0.2775, Accuracy=0.917367
[2025-09-23 17:53:44,200][__main__][INFO] - Train, Round 040: Loss=0.2639, Accuracy=0.920333
[2025-09-23 17:53:44,200][__main__][INFO] - Train, Round 041: Loss=0.2506, Accuracy=0.924417
[2025-09-23 17:53:44,200][__main__][INFO] - Train, Round 042: Loss=0.3306, Accuracy=0.920450
[2025-09-23 17:53:44,200][__main__][INFO] - Train, Round 043: Loss=0.1964, Accuracy=0.939633
[2025-09-23 17:53:44,200][__main__][INFO] - Train, Round 044: Loss=0.1939, Accuracy=0.941217
[2025-09-23 17:53:44,200][__main__][INFO] - Train, Round 045: Loss=0.1922, Accuracy=0.941700
[2025-09-23 17:53:44,200][__main__][INFO] - Train, Round 046: Loss=0.1871, Accuracy=0.942867
[2025-09-23 17:53:44,200][__main__][INFO] - Train, Round 047: Loss=0.3183, Accuracy=0.936267
[2025-09-23 17:53:44,200][__main__][INFO] - Train, Round 048: Loss=0.1950, Accuracy=0.940667
[2025-09-23 17:53:44,200][__main__][INFO] - Train, Round 049: Loss=0.1660, Accuracy=0.948750
[2025-09-23 17:53:44,200][__main__][INFO] - Train, Round 050: Loss=0.1648, Accuracy=0.950367
[2025-09-23 17:53:44,200][__main__][INFO] - Train, Round 051: Loss=0.1500, Accuracy=0.956433
[2025-09-23 17:53:44,200][__main__][INFO] - Train, Round 052: Loss=0.1440, Accuracy=0.957183
[2025-09-23 17:53:44,200][__main__][INFO] - Train, Round 053: Loss=0.2039, Accuracy=0.956283
[2025-09-23 17:53:44,200][__main__][INFO] - Train, Round 054: Loss=0.2147, Accuracy=0.955617
[2025-09-23 17:53:44,200][__main__][INFO] - Train, Round 055: Loss=0.2034, Accuracy=0.958000
[2025-09-23 17:53:44,200][__main__][INFO] - Train, Round 056: Loss=0.2034, Accuracy=0.957183
[2025-09-23 17:53:44,200][__main__][INFO] - Train, Round 057: Loss=0.1951, Accuracy=0.958033
[2025-09-23 17:53:44,201][__main__][INFO] - Train, Round 058: Loss=0.1953, Accuracy=0.959483
[2025-09-23 17:53:44,201][__main__][INFO] - Train, Round 059: Loss=0.1927, Accuracy=0.959667
[2025-09-23 17:53:44,201][__main__][INFO] - Train, Round 060: Loss=0.1175, Accuracy=0.961267
[2025-09-23 17:53:44,201][__main__][INFO] - Train, Round 061: Loss=0.1137, Accuracy=0.963117
[2025-09-23 17:53:44,201][__main__][INFO] - Train, Round 062: Loss=0.1205, Accuracy=0.961667
[2025-09-23 17:53:44,201][__main__][INFO] - Train, Round 063: Loss=0.1024, Accuracy=0.966033
[2025-09-23 17:53:44,201][__main__][INFO] - Train, Round 064: Loss=0.0838, Accuracy=0.973783
[2025-09-23 17:53:44,201][__main__][INFO] - Train, Round 065: Loss=0.0812, Accuracy=0.974600
[2025-09-23 17:53:44,201][__main__][INFO] - Train, Round 066: Loss=0.0809, Accuracy=0.974850
[2025-09-23 17:53:44,201][__main__][INFO] - Train, Round 067: Loss=0.0790, Accuracy=0.975233
[2025-09-23 17:53:44,201][__main__][INFO] - Train, Round 068: Loss=0.0730, Accuracy=0.977300
[2025-09-23 17:53:44,201][__main__][INFO] - Train, Round 069: Loss=0.0686, Accuracy=0.978883
[2025-09-23 17:53:44,201][__main__][INFO] - Train, Round 070: Loss=0.0724, Accuracy=0.976983
[2025-09-23 17:53:44,201][__main__][INFO] - Train, Round 071: Loss=0.0732, Accuracy=0.976983
[2025-09-23 17:53:44,201][__main__][INFO] - Train, Round 072: Loss=0.0701, Accuracy=0.977500
[2025-09-23 17:53:44,201][__main__][INFO] - Train, Round 073: Loss=0.0677, Accuracy=0.978700
[2025-09-23 17:53:44,201][__main__][INFO] - Train, Round 074: Loss=0.0676, Accuracy=0.978750
[2025-09-23 17:53:44,201][__main__][INFO] - Train, Round 075: Loss=0.0687, Accuracy=0.978900
[2025-09-23 17:53:44,201][__main__][INFO] - Train, Round 076: Loss=0.0615, Accuracy=0.981100
[2025-09-23 17:53:44,201][__main__][INFO] - Train, Round 077: Loss=0.0605, Accuracy=0.981483
[2025-09-23 17:53:44,201][__main__][INFO] - Train, Round 078: Loss=0.0612, Accuracy=0.981900
[2025-09-23 17:53:44,201][__main__][INFO] - Train, Round 079: Loss=0.0608, Accuracy=0.982117
[2025-09-23 17:53:44,201][__main__][INFO] - Train, Round 080: Loss=0.0603, Accuracy=0.982000
[2025-09-23 17:53:44,201][__main__][INFO] - Train, Round 081: Loss=0.0940, Accuracy=0.975383
[2025-09-23 17:53:44,201][__main__][INFO] - Train, Round 082: Loss=0.0858, Accuracy=0.976600
[2025-09-23 17:53:44,201][__main__][INFO] - Train, Round 083: Loss=0.0884, Accuracy=0.976117
[2025-09-23 17:53:44,201][__main__][INFO] - Train, Round 084: Loss=0.0893, Accuracy=0.975983
[2025-09-23 17:53:44,201][__main__][INFO] - Train, Round 085: Loss=0.0853, Accuracy=0.977083
[2025-09-23 17:53:44,201][__main__][INFO] - Train, Round 086: Loss=0.0843, Accuracy=0.977200
[2025-09-23 17:53:44,201][__main__][INFO] - Train, Round 087: Loss=0.0853, Accuracy=0.977000
[2025-09-23 17:53:44,201][__main__][INFO] - Train, Round 088: Loss=0.0831, Accuracy=0.978217
[2025-09-23 17:53:44,201][__main__][INFO] - Train, Round 089: Loss=0.0837, Accuracy=0.978450
[2025-09-23 17:53:44,201][__main__][INFO] - Train, Round 090: Loss=0.0823, Accuracy=0.978217
[2025-09-23 17:53:44,201][__main__][INFO] - Train, Round 091: Loss=0.0841, Accuracy=0.978150
[2025-09-23 17:53:44,201][__main__][INFO] - Train, Round 092: Loss=0.0886, Accuracy=0.978217
[2025-09-23 17:53:44,201][__main__][INFO] - Train, Round 093: Loss=0.0832, Accuracy=0.979633
[2025-09-23 17:53:44,201][__main__][INFO] - Train, Round 094: Loss=0.0876, Accuracy=0.978017
[2025-09-23 17:53:44,201][__main__][INFO] - Train, Round 095: Loss=0.0870, Accuracy=0.977700
[2025-09-23 17:53:44,201][__main__][INFO] - Train, Round 096: Loss=0.0843, Accuracy=0.978533
[2025-09-23 17:53:44,201][__main__][INFO] - Train, Round 097: Loss=0.0819, Accuracy=0.978833
[2025-09-23 17:53:44,201][__main__][INFO] - Train, Round 098: Loss=0.0846, Accuracy=0.979000
[2025-09-23 17:53:44,201][__main__][INFO] - Train, Round 099: Loss=0.0460, Accuracy=0.986417
[2025-09-23 17:53:44,201][__main__][INFO] - Train, Round 100: Loss=0.0498, Accuracy=0.986217
[2025-09-23 17:53:44,201][__main__][INFO] - Test, Round 001: Loss=2.1067, Accuracy=0.220900
[2025-09-23 17:53:44,201][__main__][INFO] - Test, Round 002: Loss=1.9731, Accuracy=0.297000
[2025-09-23 17:53:44,201][__main__][INFO] - Test, Round 003: Loss=1.8366, Accuracy=0.342900
[2025-09-23 17:53:44,201][__main__][INFO] - Test, Round 004: Loss=1.7195, Accuracy=0.380900
[2025-09-23 17:53:44,201][__main__][INFO] - Test, Round 005: Loss=1.6223, Accuracy=0.426000
[2025-09-23 17:53:44,201][__main__][INFO] - Test, Round 006: Loss=1.5153, Accuracy=0.465400
[2025-09-23 17:53:44,201][__main__][INFO] - Test, Round 007: Loss=1.4698, Accuracy=0.500200
[2025-09-23 17:53:44,201][__main__][INFO] - Test, Round 008: Loss=1.3698, Accuracy=0.537500
[2025-09-23 17:53:44,201][__main__][INFO] - Test, Round 009: Loss=1.2935, Accuracy=0.559900
[2025-09-23 17:53:44,201][__main__][INFO] - Test, Round 010: Loss=1.2028, Accuracy=0.593700
[2025-09-23 17:53:44,201][__main__][INFO] - Test, Round 011: Loss=1.0607, Accuracy=0.633800
[2025-09-23 17:53:44,201][__main__][INFO] - Test, Round 012: Loss=1.0064, Accuracy=0.656300
[2025-09-23 17:53:44,201][__main__][INFO] - Test, Round 013: Loss=1.0606, Accuracy=0.669700
[2025-09-23 17:53:44,201][__main__][INFO] - Test, Round 014: Loss=0.9842, Accuracy=0.690600
[2025-09-23 17:53:44,201][__main__][INFO] - Test, Round 015: Loss=0.8402, Accuracy=0.722900
[2025-09-23 17:53:44,201][__main__][INFO] - Test, Round 016: Loss=0.7401, Accuracy=0.754800
[2025-09-23 17:53:44,201][__main__][INFO] - Test, Round 017: Loss=0.6992, Accuracy=0.769900
[2025-09-23 17:53:44,201][__main__][INFO] - Test, Round 018: Loss=0.6732, Accuracy=0.776900
[2025-09-23 17:53:44,201][__main__][INFO] - Test, Round 019: Loss=0.6600, Accuracy=0.782500
[2025-09-23 17:53:44,201][__main__][INFO] - Test, Round 020: Loss=0.6512, Accuracy=0.787600
[2025-09-23 17:53:44,201][__main__][INFO] - Test, Round 021: Loss=0.6428, Accuracy=0.794500
[2025-09-23 17:53:44,201][__main__][INFO] - Test, Round 022: Loss=0.6340, Accuracy=0.795800
[2025-09-23 17:53:44,201][__main__][INFO] - Test, Round 023: Loss=0.5810, Accuracy=0.811400
[2025-09-23 17:53:44,201][__main__][INFO] - Test, Round 024: Loss=0.5537, Accuracy=0.819500
[2025-09-23 17:53:44,201][__main__][INFO] - Test, Round 025: Loss=0.5318, Accuracy=0.823300
[2025-09-23 17:53:44,201][__main__][INFO] - Test, Round 026: Loss=0.5407, Accuracy=0.827300
[2025-09-23 17:53:44,202][__main__][INFO] - Test, Round 027: Loss=0.5382, Accuracy=0.830800
[2025-09-23 17:53:44,202][__main__][INFO] - Test, Round 028: Loss=0.4913, Accuracy=0.844100
[2025-09-23 17:53:44,202][__main__][INFO] - Test, Round 029: Loss=0.5067, Accuracy=0.844100
[2025-09-23 17:53:44,202][__main__][INFO] - Test, Round 030: Loss=0.5553, Accuracy=0.844300
[2025-09-23 17:53:44,202][__main__][INFO] - Test, Round 031: Loss=0.4734, Accuracy=0.856300
[2025-09-23 17:53:44,202][__main__][INFO] - Test, Round 032: Loss=0.4719, Accuracy=0.856800
[2025-09-23 17:53:44,202][__main__][INFO] - Test, Round 033: Loss=0.4456, Accuracy=0.863200
[2025-09-23 17:53:44,202][__main__][INFO] - Test, Round 034: Loss=0.4587, Accuracy=0.863100
[2025-09-23 17:53:44,202][__main__][INFO] - Test, Round 035: Loss=0.4294, Accuracy=0.869600
[2025-09-23 17:53:44,202][__main__][INFO] - Test, Round 036: Loss=0.4153, Accuracy=0.874000
[2025-09-23 17:53:44,202][__main__][INFO] - Test, Round 037: Loss=0.3994, Accuracy=0.878800
[2025-09-23 17:53:44,202][__main__][INFO] - Test, Round 038: Loss=0.4138, Accuracy=0.876600
[2025-09-23 17:53:44,202][__main__][INFO] - Test, Round 039: Loss=0.3994, Accuracy=0.882600
[2025-09-23 17:53:44,202][__main__][INFO] - Test, Round 040: Loss=0.3890, Accuracy=0.884300
[2025-09-23 17:53:44,202][__main__][INFO] - Test, Round 041: Loss=0.3748, Accuracy=0.890000
[2025-09-23 17:53:44,202][__main__][INFO] - Test, Round 042: Loss=0.4644, Accuracy=0.886500
[2025-09-23 17:53:44,202][__main__][INFO] - Test, Round 043: Loss=0.3211, Accuracy=0.903500
[2025-09-23 17:53:44,202][__main__][INFO] - Test, Round 044: Loss=0.3192, Accuracy=0.905700
[2025-09-23 17:53:44,202][__main__][INFO] - Test, Round 045: Loss=0.3200, Accuracy=0.905000
[2025-09-23 17:53:44,202][__main__][INFO] - Test, Round 046: Loss=0.3152, Accuracy=0.908000
[2025-09-23 17:53:44,202][__main__][INFO] - Test, Round 047: Loss=0.4428, Accuracy=0.897500
[2025-09-23 17:53:44,202][__main__][INFO] - Test, Round 048: Loss=0.3340, Accuracy=0.900800
[2025-09-23 17:53:44,202][__main__][INFO] - Test, Round 049: Loss=0.3113, Accuracy=0.907200
[2025-09-23 17:53:44,202][__main__][INFO] - Test, Round 050: Loss=0.3056, Accuracy=0.907600
[2025-09-23 17:53:44,202][__main__][INFO] - Test, Round 051: Loss=0.2925, Accuracy=0.912500
[2025-09-23 17:53:44,202][__main__][INFO] - Test, Round 052: Loss=0.2857, Accuracy=0.913800
[2025-09-23 17:53:44,202][__main__][INFO] - Test, Round 053: Loss=0.3562, Accuracy=0.913300
[2025-09-23 17:53:44,202][__main__][INFO] - Test, Round 054: Loss=0.3626, Accuracy=0.912600
[2025-09-23 17:53:44,202][__main__][INFO] - Test, Round 055: Loss=0.3476, Accuracy=0.915400
[2025-09-23 17:53:44,202][__main__][INFO] - Test, Round 056: Loss=0.3492, Accuracy=0.915300
[2025-09-23 17:53:44,202][__main__][INFO] - Test, Round 057: Loss=0.3490, Accuracy=0.914900
[2025-09-23 17:53:44,202][__main__][INFO] - Test, Round 058: Loss=0.3457, Accuracy=0.917700
[2025-09-23 17:53:44,202][__main__][INFO] - Test, Round 059: Loss=0.3422, Accuracy=0.918500
[2025-09-23 17:53:44,202][__main__][INFO] - Test, Round 060: Loss=0.2639, Accuracy=0.919300
[2025-09-23 17:53:44,202][__main__][INFO] - Test, Round 061: Loss=0.2584, Accuracy=0.920600
[2025-09-23 17:53:44,202][__main__][INFO] - Test, Round 062: Loss=0.2744, Accuracy=0.919100
[2025-09-23 17:53:44,202][__main__][INFO] - Test, Round 063: Loss=0.2503, Accuracy=0.924400
[2025-09-23 17:53:44,202][__main__][INFO] - Test, Round 064: Loss=0.2334, Accuracy=0.930900
[2025-09-23 17:53:44,202][__main__][INFO] - Test, Round 065: Loss=0.2309, Accuracy=0.931300
[2025-09-23 17:53:44,202][__main__][INFO] - Test, Round 066: Loss=0.2320, Accuracy=0.929800
[2025-09-23 17:53:44,202][__main__][INFO] - Test, Round 067: Loss=0.2313, Accuracy=0.929300
[2025-09-23 17:53:44,202][__main__][INFO] - Test, Round 068: Loss=0.2293, Accuracy=0.931100
[2025-09-23 17:53:44,202][__main__][INFO] - Test, Round 069: Loss=0.2234, Accuracy=0.931800
[2025-09-23 17:53:44,202][__main__][INFO] - Test, Round 070: Loss=0.2300, Accuracy=0.930000
[2025-09-23 17:53:44,202][__main__][INFO] - Test, Round 071: Loss=0.2297, Accuracy=0.930800
[2025-09-23 17:53:44,202][__main__][INFO] - Test, Round 072: Loss=0.2296, Accuracy=0.931200
[2025-09-23 17:53:44,202][__main__][INFO] - Test, Round 073: Loss=0.2273, Accuracy=0.932000
[2025-09-23 17:53:44,202][__main__][INFO] - Test, Round 074: Loss=0.2290, Accuracy=0.931900
[2025-09-23 17:53:44,202][__main__][INFO] - Test, Round 075: Loss=0.2278, Accuracy=0.933200
[2025-09-23 17:53:44,202][__main__][INFO] - Test, Round 076: Loss=0.2239, Accuracy=0.935700
[2025-09-23 17:53:44,202][__main__][INFO] - Test, Round 077: Loss=0.2245, Accuracy=0.936000
[2025-09-23 17:53:44,202][__main__][INFO] - Test, Round 078: Loss=0.2259, Accuracy=0.936800
[2025-09-23 17:53:44,202][__main__][INFO] - Test, Round 079: Loss=0.2257, Accuracy=0.936500
[2025-09-23 17:53:44,202][__main__][INFO] - Test, Round 080: Loss=0.2276, Accuracy=0.934900
[2025-09-23 17:53:44,202][__main__][INFO] - Test, Round 081: Loss=0.2653, Accuracy=0.928000
[2025-09-23 17:53:44,202][__main__][INFO] - Test, Round 082: Loss=0.2605, Accuracy=0.929100
[2025-09-23 17:53:44,202][__main__][INFO] - Test, Round 083: Loss=0.2634, Accuracy=0.928700
[2025-09-23 17:53:44,202][__main__][INFO] - Test, Round 084: Loss=0.2654, Accuracy=0.928900
[2025-09-23 17:53:44,202][__main__][INFO] - Test, Round 085: Loss=0.2613, Accuracy=0.930500
[2025-09-23 17:53:44,202][__main__][INFO] - Test, Round 086: Loss=0.2617, Accuracy=0.930300
[2025-09-23 17:53:44,202][__main__][INFO] - Test, Round 087: Loss=0.2626, Accuracy=0.929000
[2025-09-23 17:53:44,202][__main__][INFO] - Test, Round 088: Loss=0.2611, Accuracy=0.929500
[2025-09-23 17:53:44,202][__main__][INFO] - Test, Round 089: Loss=0.2612, Accuracy=0.929900
[2025-09-23 17:53:44,202][__main__][INFO] - Test, Round 090: Loss=0.2623, Accuracy=0.930200
[2025-09-23 17:53:44,202][__main__][INFO] - Test, Round 091: Loss=0.2657, Accuracy=0.930800
[2025-09-23 17:53:44,202][__main__][INFO] - Test, Round 092: Loss=0.2661, Accuracy=0.930000
[2025-09-23 17:53:44,202][__main__][INFO] - Test, Round 093: Loss=0.2612, Accuracy=0.931100
[2025-09-23 17:53:44,202][__main__][INFO] - Test, Round 094: Loss=0.2724, Accuracy=0.929800
[2025-09-23 17:53:44,202][__main__][INFO] - Test, Round 095: Loss=0.2716, Accuracy=0.930200
[2025-09-23 17:53:44,202][__main__][INFO] - Test, Round 096: Loss=0.2700, Accuracy=0.931400
[2025-09-23 17:53:44,202][__main__][INFO] - Test, Round 097: Loss=0.2691, Accuracy=0.931200
[2025-09-23 17:53:44,203][__main__][INFO] - Test, Round 098: Loss=0.2685, Accuracy=0.930800
[2025-09-23 17:53:44,203][__main__][INFO] - Test, Round 099: Loss=0.2299, Accuracy=0.937700
[2025-09-23 17:53:44,203][__main__][INFO] - Test, Round 100: Loss=0.2289, Accuracy=0.939300
