[2025-09-23 17:00:08,495][flp2p.graph_runner][INFO] - Train, Round 0 : loss => 2.1028266073519295,  accuracy: 0.22036666666666666
[2025-09-23 17:00:08,496][flp2p.graph_runner][INFO] - Test, Round 0 : loss => 2.1066812729245425,  accuracy: 0.2209
[2025-09-23 17:00:37,667][flp2p.graph_runner][INFO] - Train, Round 1 : loss => 1.9690973345806828,  accuracy: 0.29788333333333333
[2025-09-23 17:00:37,667][flp2p.graph_runner][INFO] - Test, Round 1 : loss => 1.973385263562997,  accuracy: 0.2981
[2025-09-23 17:01:06,927][flp2p.graph_runner][INFO] - Train, Round 2 : loss => 1.8372381421376314,  accuracy: 0.34586666666666666
[2025-09-23 17:01:06,927][flp2p.graph_runner][INFO] - Test, Round 2 : loss => 1.8359202837814141,  accuracy: 0.3437
[2025-09-23 17:01:36,872][flp2p.graph_runner][INFO] - Train, Round 3 : loss => 1.718643915644029,  accuracy: 0.3824
[2025-09-23 17:01:36,873][flp2p.graph_runner][INFO] - Test, Round 3 : loss => 1.7174682462701683,  accuracy: 0.3797
[2025-09-23 17:02:05,746][flp2p.graph_runner][INFO] - Train, Round 4 : loss => 1.5995995790196225,  accuracy: 0.4289833333333333
[2025-09-23 17:02:05,746][flp2p.graph_runner][INFO] - Test, Round 4 : loss => 1.6122106971155574,  accuracy: 0.4263
[2025-09-23 17:02:35,825][flp2p.graph_runner][INFO] - Train, Round 5 : loss => 1.498524790833022,  accuracy: 0.4696166666666667
[2025-09-23 17:02:35,825][flp2p.graph_runner][INFO] - Test, Round 5 : loss => 1.5056095770201054,  accuracy: 0.4654
[2025-09-23 17:03:05,648][flp2p.graph_runner][INFO] - Train, Round 6 : loss => 1.445693446749699,  accuracy: 0.50705
[2025-09-23 17:03:05,648][flp2p.graph_runner][INFO] - Test, Round 6 : loss => 1.4542589053524502,  accuracy: 0.5024
[2025-09-23 17:03:35,887][flp2p.graph_runner][INFO] - Train, Round 7 : loss => 1.3436177052430165,  accuracy: 0.54405
[2025-09-23 17:03:35,887][flp2p.graph_runner][INFO] - Test, Round 7 : loss => 1.3561467166550925,  accuracy: 0.5406
[2025-09-23 17:04:06,677][flp2p.graph_runner][INFO] - Train, Round 8 : loss => 1.2770838464296617,  accuracy: 0.56145
[2025-09-23 17:04:06,677][flp2p.graph_runner][INFO] - Test, Round 8 : loss => 1.2897950237397076,  accuracy: 0.5612
[2025-09-23 17:04:37,122][flp2p.graph_runner][INFO] - Train, Round 9 : loss => 1.192103612287794,  accuracy: 0.59285
[2025-09-23 17:04:37,122][flp2p.graph_runner][INFO] - Test, Round 9 : loss => 1.2015978257985134,  accuracy: 0.5898
[2025-09-23 17:05:07,361][flp2p.graph_runner][INFO] - Train, Round 10 : loss => 1.0530426543573141,  accuracy: 0.6331166666666667
[2025-09-23 17:05:07,361][flp2p.graph_runner][INFO] - Test, Round 10 : loss => 1.073809996898964,  accuracy: 0.6286
[2025-09-23 17:05:37,863][flp2p.graph_runner][INFO] - Train, Round 11 : loss => 0.9897989166708556,  accuracy: 0.6599
[2025-09-23 17:05:37,863][flp2p.graph_runner][INFO] - Test, Round 11 : loss => 1.014112105318216,  accuracy: 0.6523
[2025-09-23 17:06:07,977][flp2p.graph_runner][INFO] - Train, Round 12 : loss => 1.0433719544199884,  accuracy: 0.6741833333333334
[2025-09-23 17:06:07,977][flp2p.graph_runner][INFO] - Test, Round 12 : loss => 1.07407450394245,  accuracy: 0.6678
[2025-09-23 17:06:36,664][flp2p.graph_runner][INFO] - Train, Round 13 : loss => 0.9502371987825632,  accuracy: 0.69765
[2025-09-23 17:06:36,664][flp2p.graph_runner][INFO] - Test, Round 13 : loss => 0.9999607054502343,  accuracy: 0.6882
[2025-09-23 17:07:06,968][flp2p.graph_runner][INFO] - Train, Round 14 : loss => 0.8105851518678742,  accuracy: 0.72935
[2025-09-23 17:07:06,968][flp2p.graph_runner][INFO] - Test, Round 14 : loss => 0.8530873830114227,  accuracy: 0.7197
[2025-09-23 17:07:37,622][flp2p.graph_runner][INFO] - Train, Round 15 : loss => 0.7071460363813101,  accuracy: 0.7616
[2025-09-23 17:07:37,622][flp2p.graph_runner][INFO] - Test, Round 15 : loss => 0.7528233174758079,  accuracy: 0.749
[2025-09-23 17:08:07,218][flp2p.graph_runner][INFO] - Train, Round 16 : loss => 0.6676420155646322,  accuracy: 0.77425
[2025-09-23 17:08:07,218][flp2p.graph_runner][INFO] - Test, Round 16 : loss => 0.7174635250577593,  accuracy: 0.7576
[2025-09-23 17:08:36,447][flp2p.graph_runner][INFO] - Train, Round 17 : loss => 0.6439743526830062,  accuracy: 0.7846166666666666
[2025-09-23 17:08:36,447][flp2p.graph_runner][INFO] - Test, Round 17 : loss => 0.6970142700815464,  accuracy: 0.7664
[2025-09-23 17:09:06,872][flp2p.graph_runner][INFO] - Train, Round 18 : loss => 0.6197723050954754,  accuracy: 0.7940166666666667
[2025-09-23 17:09:06,872][flp2p.graph_runner][INFO] - Test, Round 18 : loss => 0.6770251915121537,  accuracy: 0.7739
[2025-09-23 17:09:37,065][flp2p.graph_runner][INFO] - Train, Round 19 : loss => 0.60377384128178,  accuracy: 0.7999833333333334
[2025-09-23 17:09:37,066][flp2p.graph_runner][INFO] - Test, Round 19 : loss => 0.6612761221400857,  accuracy: 0.7783
[2025-09-23 17:10:06,980][flp2p.graph_runner][INFO] - Train, Round 20 : loss => 0.5836449306203868,  accuracy: 0.8089
[2025-09-23 17:10:06,981][flp2p.graph_runner][INFO] - Test, Round 20 : loss => 0.6482467889488449,  accuracy: 0.7873
[2025-09-23 17:10:35,754][flp2p.graph_runner][INFO] - Train, Round 21 : loss => 0.5634480319966099,  accuracy: 0.8137666666666666
[2025-09-23 17:10:35,754][flp2p.graph_runner][INFO] - Test, Round 21 : loss => 0.6268344055614441,  accuracy: 0.7913
[2025-09-23 17:11:05,744][flp2p.graph_runner][INFO] - Train, Round 22 : loss => 0.5058098123103383,  accuracy: 0.8296333333333333
[2025-09-23 17:11:05,744][flp2p.graph_runner][INFO] - Test, Round 22 : loss => 0.5780058879770315,  accuracy: 0.8065
[2025-09-23 17:11:36,171][flp2p.graph_runner][INFO] - Train, Round 23 : loss => 0.4790454466272095,  accuracy: 0.8395
[2025-09-23 17:11:36,171][flp2p.graph_runner][INFO] - Test, Round 23 : loss => 0.5498134664483267,  accuracy: 0.8139
[2025-09-23 17:12:07,417][flp2p.graph_runner][INFO] - Train, Round 24 : loss => 0.45393401431680486,  accuracy: 0.8447666666666667
[2025-09-23 17:12:07,417][flp2p.graph_runner][INFO] - Test, Round 24 : loss => 0.5310663890146193,  accuracy: 0.8191
[2025-09-23 17:12:38,528][flp2p.graph_runner][INFO] - Train, Round 25 : loss => 0.44761263329418505,  accuracy: 0.8501333333333333
[2025-09-23 17:12:38,528][flp2p.graph_runner][INFO] - Test, Round 25 : loss => 0.5389443787978998,  accuracy: 0.8245
[2025-09-23 17:13:09,718][flp2p.graph_runner][INFO] - Train, Round 26 : loss => 0.44006672213293013,  accuracy: 0.8550666666666666
[2025-09-23 17:13:09,718][flp2p.graph_runner][INFO] - Test, Round 26 : loss => 0.5309916957661109,  accuracy: 0.8288
[2025-09-23 17:13:40,215][flp2p.graph_runner][INFO] - Train, Round 27 : loss => 0.41444606486975677,  accuracy: 0.8654333333333334
[2025-09-23 17:13:40,215][flp2p.graph_runner][INFO] - Test, Round 27 : loss => 0.5005487283727149,  accuracy: 0.8393
[2025-09-23 17:14:10,843][flp2p.graph_runner][INFO] - Train, Round 28 : loss => 0.43069609634136474,  accuracy: 0.8646333333333334
[2025-09-23 17:14:10,843][flp2p.graph_runner][INFO] - Test, Round 28 : loss => 0.5197097300552093,  accuracy: 0.8397
[2025-09-23 17:14:41,306][flp2p.graph_runner][INFO] - Train, Round 29 : loss => 0.47096098498586175,  accuracy: 0.86285
[2025-09-23 17:14:41,306][flp2p.graph_runner][INFO] - Test, Round 29 : loss => 0.5760073593226832,  accuracy: 0.8361
[2025-09-23 17:15:12,210][flp2p.graph_runner][INFO] - Train, Round 30 : loss => 0.3956698028165152,  accuracy: 0.8804166666666666
[2025-09-23 17:15:12,211][flp2p.graph_runner][INFO] - Test, Round 30 : loss => 0.49840142351914635,  accuracy: 0.8529
[2025-09-23 17:15:43,347][flp2p.graph_runner][INFO] - Train, Round 31 : loss => 0.38927334631815236,  accuracy: 0.8825666666666667
[2025-09-23 17:15:43,347][flp2p.graph_runner][INFO] - Test, Round 31 : loss => 0.4922074217076602,  accuracy: 0.8538
[2025-09-23 17:16:14,399][flp2p.graph_runner][INFO] - Train, Round 32 : loss => 0.3656927887299168,  accuracy: 0.8882166666666667
[2025-09-23 17:16:14,399][flp2p.graph_runner][INFO] - Test, Round 32 : loss => 0.4696130175221322,  accuracy: 0.8583
[2025-09-23 17:16:47,492][flp2p.graph_runner][INFO] - Train, Round 33 : loss => 0.4074477143973971,  accuracy: 0.8842666666666666
[2025-09-23 17:16:47,492][flp2p.graph_runner][INFO] - Test, Round 33 : loss => 0.5100543515991216,  accuracy: 0.8561
[2025-09-23 17:17:20,394][flp2p.graph_runner][INFO] - Train, Round 34 : loss => 0.34791063948818457,  accuracy: 0.89525
[2025-09-23 17:17:20,394][flp2p.graph_runner][INFO] - Test, Round 34 : loss => 0.4503248613576861,  accuracy: 0.8655
[2025-09-23 17:17:52,020][flp2p.graph_runner][INFO] - Train, Round 35 : loss => 0.31748069625045006,  accuracy: 0.9046
[2025-09-23 17:17:52,021][flp2p.graph_runner][INFO] - Test, Round 35 : loss => 0.4291628123302624,  accuracy: 0.8725
[2025-09-23 17:18:26,407][flp2p.graph_runner][INFO] - Train, Round 36 : loss => 0.302033113724574,  accuracy: 0.9108
[2025-09-23 17:18:26,407][flp2p.graph_runner][INFO] - Test, Round 36 : loss => 0.41088378874093034,  accuracy: 0.8789
[2025-09-23 17:18:58,563][flp2p.graph_runner][INFO] - Train, Round 37 : loss => 0.3163794000004652,  accuracy: 0.9063
[2025-09-23 17:18:58,563][flp2p.graph_runner][INFO] - Test, Round 37 : loss => 0.4328316115261091,  accuracy: 0.8741
[2025-09-23 17:19:31,255][flp2p.graph_runner][INFO] - Train, Round 38 : loss => 0.30302980869722074,  accuracy: 0.9113166666666667
[2025-09-23 17:19:31,255][flp2p.graph_runner][INFO] - Test, Round 38 : loss => 0.4222300298642812,  accuracy: 0.8777
[2025-09-23 17:20:03,970][flp2p.graph_runner][INFO] - Train, Round 39 : loss => 0.283576474832968,  accuracy: 0.91645
[2025-09-23 17:20:03,970][flp2p.graph_runner][INFO] - Test, Round 39 : loss => 0.4065661048987505,  accuracy: 0.8816
[2025-09-23 17:20:36,924][flp2p.graph_runner][INFO] - Train, Round 40 : loss => 0.27081132573282085,  accuracy: 0.9204333333333333
[2025-09-23 17:20:36,924][flp2p.graph_runner][INFO] - Test, Round 40 : loss => 0.39088699443405533,  accuracy: 0.8862
[2025-09-23 17:21:09,847][flp2p.graph_runner][INFO] - Train, Round 41 : loss => 0.3260691323067646,  accuracy: 0.9173
[2025-09-23 17:21:09,847][flp2p.graph_runner][INFO] - Test, Round 41 : loss => 0.45848810121919215,  accuracy: 0.8819
[2025-09-23 17:21:43,156][flp2p.graph_runner][INFO] - Train, Round 42 : loss => 0.20820217425729323,  accuracy: 0.9376833333333333
[2025-09-23 17:21:43,156][flp2p.graph_runner][INFO] - Test, Round 42 : loss => 0.33713175252799776,  accuracy: 0.8992
[2025-09-23 17:22:15,605][flp2p.graph_runner][INFO] - Train, Round 43 : loss => 0.20641486553952634,  accuracy: 0.9384
[2025-09-23 17:22:15,605][flp2p.graph_runner][INFO] - Test, Round 43 : loss => 0.3320158223377189,  accuracy: 0.9006
[2025-09-23 17:22:48,176][flp2p.graph_runner][INFO] - Train, Round 44 : loss => 0.2080317376661095,  accuracy: 0.9379333333333333
[2025-09-23 17:22:48,176][flp2p.graph_runner][INFO] - Test, Round 44 : loss => 0.3351223536622533,  accuracy: 0.9018
[2025-09-23 17:23:20,963][flp2p.graph_runner][INFO] - Train, Round 45 : loss => 0.19730776382533005,  accuracy: 0.9408166666666666
[2025-09-23 17:23:20,963][flp2p.graph_runner][INFO] - Test, Round 45 : loss => 0.324742623495608,  accuracy: 0.9059
[2025-09-23 17:23:52,765][flp2p.graph_runner][INFO] - Train, Round 46 : loss => 0.38073406384450625,  accuracy: 0.9318833333333333
[2025-09-23 17:23:52,765][flp2p.graph_runner][INFO] - Test, Round 46 : loss => 0.5043111807264128,  accuracy: 0.8941
[2025-09-23 17:24:26,695][flp2p.graph_runner][INFO] - Train, Round 47 : loss => 0.2189824356562213,  accuracy: 0.9358166666666666
[2025-09-23 17:24:26,695][flp2p.graph_runner][INFO] - Test, Round 47 : loss => 0.36112756982230837,  accuracy: 0.8958
[2025-09-23 17:24:59,640][flp2p.graph_runner][INFO] - Train, Round 48 : loss => 0.18107332749947588,  accuracy: 0.9458666666666666
[2025-09-23 17:24:59,640][flp2p.graph_runner][INFO] - Test, Round 48 : loss => 0.3252674040616103,  accuracy: 0.9049
[2025-09-23 17:25:33,736][flp2p.graph_runner][INFO] - Train, Round 49 : loss => 0.1787839119074138,  accuracy: 0.9475666666666667
[2025-09-23 17:25:33,736][flp2p.graph_runner][INFO] - Test, Round 49 : loss => 0.31702786939243877,  accuracy: 0.9074
[2025-09-23 17:26:06,534][flp2p.graph_runner][INFO] - Train, Round 50 : loss => 0.16622703249031615,  accuracy: 0.95245
[2025-09-23 17:26:06,534][flp2p.graph_runner][INFO] - Test, Round 50 : loss => 0.30696593422550383,  accuracy: 0.9113
[2025-09-23 17:26:39,378][flp2p.graph_runner][INFO] - Train, Round 51 : loss => 0.1604582550069048,  accuracy: 0.95365
[2025-09-23 17:26:39,378][flp2p.graph_runner][INFO] - Test, Round 51 : loss => 0.30259958964261835,  accuracy: 0.9115
[2025-09-23 17:27:12,260][flp2p.graph_runner][INFO] - Train, Round 52 : loss => 0.1810016321173516,  accuracy: 0.9582833333333334
[2025-09-23 17:27:12,260][flp2p.graph_runner][INFO] - Test, Round 52 : loss => 0.3304413973783536,  accuracy: 0.916
[2025-09-23 17:27:44,840][flp2p.graph_runner][INFO] - Train, Round 53 : loss => 0.1910446452134668,  accuracy: 0.9567
[2025-09-23 17:27:44,841][flp2p.graph_runner][INFO] - Test, Round 53 : loss => 0.3369922385814527,  accuracy: 0.9139
[2025-09-23 17:28:17,943][flp2p.graph_runner][INFO] - Train, Round 54 : loss => 0.18082052674610932,  accuracy: 0.95995
[2025-09-23 17:28:17,943][flp2p.graph_runner][INFO] - Test, Round 54 : loss => 0.32405792231686464,  accuracy: 0.917
[2025-09-23 17:28:50,722][flp2p.graph_runner][INFO] - Train, Round 55 : loss => 0.17716952466685018,  accuracy: 0.9602333333333334
[2025-09-23 17:28:50,722][flp2p.graph_runner][INFO] - Test, Round 55 : loss => 0.32241387254585563,  accuracy: 0.9181
[2025-09-23 17:29:22,374][flp2p.graph_runner][INFO] - Train, Round 56 : loss => 0.17143713591238963,  accuracy: 0.9604166666666667
[2025-09-23 17:29:22,374][flp2p.graph_runner][INFO] - Test, Round 56 : loss => 0.3230424607168329,  accuracy: 0.9169
[2025-09-23 17:29:54,803][flp2p.graph_runner][INFO] - Train, Round 57 : loss => 0.1762767643375484,  accuracy: 0.9602833333333334
[2025-09-23 17:29:54,803][flp2p.graph_runner][INFO] - Test, Round 57 : loss => 0.32458366769715075,  accuracy: 0.9171
[2025-09-23 17:30:26,763][flp2p.graph_runner][INFO] - Train, Round 58 : loss => 0.1741333633113745,  accuracy: 0.9604
[2025-09-23 17:30:26,763][flp2p.graph_runner][INFO] - Test, Round 58 : loss => 0.32182429111523725,  accuracy: 0.9183
[2025-09-23 17:30:59,031][flp2p.graph_runner][INFO] - Train, Round 59 : loss => 0.1099068799628248,  accuracy: 0.9653166666666667
[2025-09-23 17:30:59,031][flp2p.graph_runner][INFO] - Test, Round 59 : loss => 0.2601752278192731,  accuracy: 0.9221
[2025-09-23 17:31:31,730][flp2p.graph_runner][INFO] - Train, Round 60 : loss => 0.10299690264924835,  accuracy: 0.9686833333333333
[2025-09-23 17:31:31,730][flp2p.graph_runner][INFO] - Test, Round 60 : loss => 0.25222633054795185,  accuracy: 0.9241
[2025-09-23 17:32:04,188][flp2p.graph_runner][INFO] - Train, Round 61 : loss => 0.107379927776609,  accuracy: 0.9678333333333333
[2025-09-23 17:32:04,188][flp2p.graph_runner][INFO] - Test, Round 61 : loss => 0.2666300949378383,  accuracy: 0.922
[2025-09-23 17:32:36,639][flp2p.graph_runner][INFO] - Train, Round 62 : loss => 0.09256114227644896,  accuracy: 0.9710166666666666
[2025-09-23 17:32:36,639][flp2p.graph_runner][INFO] - Test, Round 62 : loss => 0.24716853186242807,  accuracy: 0.9272
[2025-09-23 17:33:09,188][flp2p.graph_runner][INFO] - Train, Round 63 : loss => 0.08115510497457332,  accuracy: 0.9745833333333334
[2025-09-23 17:33:09,188][flp2p.graph_runner][INFO] - Test, Round 63 : loss => 0.2347549258826292,  accuracy: 0.9313
[2025-09-23 17:33:42,029][flp2p.graph_runner][INFO] - Train, Round 64 : loss => 0.07847065158487979,  accuracy: 0.9755
[2025-09-23 17:33:42,029][flp2p.graph_runner][INFO] - Test, Round 64 : loss => 0.23216055115128162,  accuracy: 0.931
[2025-09-23 17:34:14,667][flp2p.graph_runner][INFO] - Train, Round 65 : loss => 0.0777783664956736,  accuracy: 0.9755666666666667
[2025-09-23 17:34:14,668][flp2p.graph_runner][INFO] - Test, Round 65 : loss => 0.23532888898643578,  accuracy: 0.9308
[2025-09-23 17:34:46,846][flp2p.graph_runner][INFO] - Train, Round 66 : loss => 0.07607458042443788,  accuracy: 0.9759833333333333
[2025-09-23 17:34:46,846][flp2p.graph_runner][INFO] - Test, Round 66 : loss => 0.2351261933056171,  accuracy: 0.9302
[2025-09-23 17:35:18,711][flp2p.graph_runner][INFO] - Train, Round 67 : loss => 0.07880337958131509,  accuracy: 0.9762
[2025-09-23 17:35:18,711][flp2p.graph_runner][INFO] - Test, Round 67 : loss => 0.23860263899445014,  accuracy: 0.9296
[2025-09-23 17:35:51,197][flp2p.graph_runner][INFO] - Train, Round 68 : loss => 0.07290439481708301,  accuracy: 0.9782166666666666
[2025-09-23 17:35:51,197][flp2p.graph_runner][INFO] - Test, Round 68 : loss => 0.2311552726524349,  accuracy: 0.9307
[2025-09-23 17:36:22,513][flp2p.graph_runner][INFO] - Train, Round 69 : loss => 0.07359786436295214,  accuracy: 0.9774666666666667
[2025-09-23 17:36:22,514][flp2p.graph_runner][INFO] - Test, Round 69 : loss => 0.2338119245255826,  accuracy: 0.9304
[2025-09-23 17:36:55,716][flp2p.graph_runner][INFO] - Train, Round 70 : loss => 0.07513904657138626,  accuracy: 0.9770666666666666
[2025-09-23 17:36:55,717][flp2p.graph_runner][INFO] - Test, Round 70 : loss => 0.23347026547963365,  accuracy: 0.9308
[2025-09-23 17:37:28,205][flp2p.graph_runner][INFO] - Train, Round 71 : loss => 0.07298239463259025,  accuracy: 0.9772666666666666
[2025-09-23 17:37:28,205][flp2p.graph_runner][INFO] - Test, Round 71 : loss => 0.23436635648384355,  accuracy: 0.932
[2025-09-23 17:38:01,832][flp2p.graph_runner][INFO] - Train, Round 72 : loss => 0.06905633231037434,  accuracy: 0.9788666666666667
[2025-09-23 17:38:01,832][flp2p.graph_runner][INFO] - Test, Round 72 : loss => 0.23118078419152543,  accuracy: 0.9329
[2025-09-23 17:38:35,000][flp2p.graph_runner][INFO] - Train, Round 73 : loss => 0.06938752009909557,  accuracy: 0.9790833333333333
[2025-09-23 17:38:35,000][flp2p.graph_runner][INFO] - Test, Round 73 : loss => 0.23263849617760599,  accuracy: 0.9325
[2025-09-23 17:39:07,931][flp2p.graph_runner][INFO] - Train, Round 74 : loss => 0.07006377920859787,  accuracy: 0.9791333333333333
[2025-09-23 17:39:07,932][flp2p.graph_runner][INFO] - Test, Round 74 : loss => 0.233880016234107,  accuracy: 0.932
[2025-09-23 17:39:40,317][flp2p.graph_runner][INFO] - Train, Round 75 : loss => 0.06385685083423485,  accuracy: 0.9810833333333333
[2025-09-23 17:39:40,318][flp2p.graph_runner][INFO] - Test, Round 75 : loss => 0.2299842668217192,  accuracy: 0.9346
[2025-09-23 17:40:12,010][flp2p.graph_runner][INFO] - Train, Round 76 : loss => 0.06299714197527212,  accuracy: 0.9813
[2025-09-23 17:40:12,010][flp2p.graph_runner][INFO] - Test, Round 76 : loss => 0.23104163633494845,  accuracy: 0.935
[2025-09-23 17:40:44,052][flp2p.graph_runner][INFO] - Train, Round 77 : loss => 0.06455324683466952,  accuracy: 0.9815166666666667
[2025-09-23 17:40:44,052][flp2p.graph_runner][INFO] - Test, Round 77 : loss => 0.23356327542388552,  accuracy: 0.935
[2025-09-23 17:41:16,614][flp2p.graph_runner][INFO] - Train, Round 78 : loss => 0.06413546319309507,  accuracy: 0.9815333333333334
[2025-09-23 17:41:16,614][flp2p.graph_runner][INFO] - Test, Round 78 : loss => 0.2329562539745843,  accuracy: 0.9351
[2025-09-23 17:41:49,860][flp2p.graph_runner][INFO] - Train, Round 79 : loss => 0.06341368980201946,  accuracy: 0.9816333333333334
[2025-09-23 17:41:49,860][flp2p.graph_runner][INFO] - Test, Round 79 : loss => 0.23399922192046696,  accuracy: 0.9346
[2025-09-23 17:42:23,447][flp2p.graph_runner][INFO] - Train, Round 80 : loss => 0.08713048865367215,  accuracy: 0.97635
[2025-09-23 17:42:23,448][flp2p.graph_runner][INFO] - Test, Round 80 : loss => 0.26075415701804305,  accuracy: 0.9288
[2025-09-23 17:42:55,791][flp2p.graph_runner][INFO] - Train, Round 81 : loss => 0.0791125053918542,  accuracy: 0.9777666666666667
[2025-09-23 17:42:55,791][flp2p.graph_runner][INFO] - Test, Round 81 : loss => 0.25478674583852745,  accuracy: 0.9301
[2025-09-23 17:43:28,478][flp2p.graph_runner][INFO] - Train, Round 82 : loss => 0.08135910593507398,  accuracy: 0.9772333333333333
[2025-09-23 17:43:28,478][flp2p.graph_runner][INFO] - Test, Round 82 : loss => 0.25892979092794305,  accuracy: 0.9296
[2025-09-23 17:44:08,207][flp2p.graph_runner][INFO] - Train, Round 83 : loss => 0.07391207090517833,  accuracy: 0.9789333333333333
[2025-09-23 17:44:08,207][flp2p.graph_runner][INFO] - Test, Round 83 : loss => 0.2551195703031346,  accuracy: 0.931
[2025-09-23 17:44:40,542][flp2p.graph_runner][INFO] - Train, Round 84 : loss => 0.06958950665702822,  accuracy: 0.9797333333333333
[2025-09-23 17:44:40,542][flp2p.graph_runner][INFO] - Test, Round 84 : loss => 0.2518424997474631,  accuracy: 0.9325
[2025-09-23 17:45:12,634][flp2p.graph_runner][INFO] - Train, Round 85 : loss => 0.06952326006513923,  accuracy: 0.9798666666666667
[2025-09-23 17:45:12,634][flp2p.graph_runner][INFO] - Test, Round 85 : loss => 0.25360041333927086,  accuracy: 0.9325
[2025-09-23 17:45:44,256][flp2p.graph_runner][INFO] - Train, Round 86 : loss => 0.07052469832331276,  accuracy: 0.9796833333333334
[2025-09-23 17:45:44,257][flp2p.graph_runner][INFO] - Test, Round 86 : loss => 0.2551864293032907,  accuracy: 0.9323
[2025-09-23 17:46:16,839][flp2p.graph_runner][INFO] - Train, Round 87 : loss => 0.0695349692731884,  accuracy: 0.9806666666666667
[2025-09-23 17:46:16,839][flp2p.graph_runner][INFO] - Test, Round 87 : loss => 0.25274772864126516,  accuracy: 0.9328
[2025-09-23 17:46:47,901][flp2p.graph_runner][INFO] - Train, Round 88 : loss => 0.0705275046574546,  accuracy: 0.9804833333333334
[2025-09-23 17:46:47,901][flp2p.graph_runner][INFO] - Test, Round 88 : loss => 0.25294131588322327,  accuracy: 0.9328
[2025-09-23 17:47:20,224][flp2p.graph_runner][INFO] - Train, Round 89 : loss => 0.0692568958510726,  accuracy: 0.9805333333333334
[2025-09-23 17:47:20,225][flp2p.graph_runner][INFO] - Test, Round 89 : loss => 0.2524618718141448,  accuracy: 0.9333
[2025-09-23 17:47:51,921][flp2p.graph_runner][INFO] - Train, Round 90 : loss => 0.06997486396780897,  accuracy: 0.9806666666666667
[2025-09-23 17:47:51,922][flp2p.graph_runner][INFO] - Test, Round 90 : loss => 0.2549127301226128,  accuracy: 0.9331
[2025-09-23 17:48:24,675][flp2p.graph_runner][INFO] - Train, Round 91 : loss => 0.07385206163439477,  accuracy: 0.9807333333333333
[2025-09-23 17:48:24,675][flp2p.graph_runner][INFO] - Test, Round 91 : loss => 0.25540742466353494,  accuracy: 0.9328
[2025-09-23 17:48:56,472][flp2p.graph_runner][INFO] - Train, Round 92 : loss => 0.07059256050620362,  accuracy: 0.98165
[2025-09-23 17:48:56,472][flp2p.graph_runner][INFO] - Test, Round 92 : loss => 0.2508376946052963,  accuracy: 0.9339
[2025-09-23 17:49:28,694][flp2p.graph_runner][INFO] - Train, Round 93 : loss => 0.07621392564328135,  accuracy: 0.9797333333333333
[2025-09-23 17:49:28,695][flp2p.graph_runner][INFO] - Test, Round 93 : loss => 0.26400110871000504,  accuracy: 0.9321
[2025-09-23 17:50:01,412][flp2p.graph_runner][INFO] - Train, Round 94 : loss => 0.07378812760223957,  accuracy: 0.9794166666666667
[2025-09-23 17:50:01,412][flp2p.graph_runner][INFO] - Test, Round 94 : loss => 0.26226782839352525,  accuracy: 0.9322
[2025-09-23 17:50:33,525][flp2p.graph_runner][INFO] - Train, Round 95 : loss => 0.07255340800750025,  accuracy: 0.9803833333333334
[2025-09-23 17:50:33,525][flp2p.graph_runner][INFO] - Test, Round 95 : loss => 0.26083967571304884,  accuracy: 0.9333
[2025-09-23 17:51:04,541][flp2p.graph_runner][INFO] - Train, Round 96 : loss => 0.06998977733157966,  accuracy: 0.9808333333333333
[2025-09-23 17:51:04,542][flp2p.graph_runner][INFO] - Test, Round 96 : loss => 0.2602423017490788,  accuracy: 0.9333
[2025-09-23 17:51:37,214][flp2p.graph_runner][INFO] - Train, Round 97 : loss => 0.07188138549719918,  accuracy: 0.9812
[2025-09-23 17:51:37,214][flp2p.graph_runner][INFO] - Test, Round 97 : loss => 0.25920455507884443,  accuracy: 0.9338
[2025-09-23 17:52:09,034][flp2p.graph_runner][INFO] - Train, Round 98 : loss => 0.051106136673810296,  accuracy: 0.9845333333333334
[2025-09-23 17:52:09,034][flp2p.graph_runner][INFO] - Test, Round 98 : loss => 0.2385756108077461,  accuracy: 0.9365
[2025-09-23 17:52:41,369][flp2p.graph_runner][INFO] - Train, Round 99 : loss => 0.05222248198338603,  accuracy: 0.9852666666666666
[2025-09-23 17:52:41,369][flp2p.graph_runner][INFO] - Test, Round 99 : loss => 0.2367292984199725,  accuracy: 0.9372
[2025-09-23 17:52:41,369][__main__][INFO] - Train, Round 001: Loss=2.1028, Accuracy=0.220367
[2025-09-23 17:52:41,370][__main__][INFO] - Train, Round 002: Loss=1.9691, Accuracy=0.297883
[2025-09-23 17:52:41,370][__main__][INFO] - Train, Round 003: Loss=1.8372, Accuracy=0.345867
[2025-09-23 17:52:41,370][__main__][INFO] - Train, Round 004: Loss=1.7186, Accuracy=0.382400
[2025-09-23 17:52:41,370][__main__][INFO] - Train, Round 005: Loss=1.5996, Accuracy=0.428983
[2025-09-23 17:52:41,370][__main__][INFO] - Train, Round 006: Loss=1.4985, Accuracy=0.469617
[2025-09-23 17:52:41,370][__main__][INFO] - Train, Round 007: Loss=1.4457, Accuracy=0.507050
[2025-09-23 17:52:41,370][__main__][INFO] - Train, Round 008: Loss=1.3436, Accuracy=0.544050
[2025-09-23 17:52:41,370][__main__][INFO] - Train, Round 009: Loss=1.2771, Accuracy=0.561450
[2025-09-23 17:52:41,370][__main__][INFO] - Train, Round 010: Loss=1.1921, Accuracy=0.592850
[2025-09-23 17:52:41,370][__main__][INFO] - Train, Round 011: Loss=1.0530, Accuracy=0.633117
[2025-09-23 17:52:41,370][__main__][INFO] - Train, Round 012: Loss=0.9898, Accuracy=0.659900
[2025-09-23 17:52:41,370][__main__][INFO] - Train, Round 013: Loss=1.0434, Accuracy=0.674183
[2025-09-23 17:52:41,370][__main__][INFO] - Train, Round 014: Loss=0.9502, Accuracy=0.697650
[2025-09-23 17:52:41,370][__main__][INFO] - Train, Round 015: Loss=0.8106, Accuracy=0.729350
[2025-09-23 17:52:41,370][__main__][INFO] - Train, Round 016: Loss=0.7071, Accuracy=0.761600
[2025-09-23 17:52:41,370][__main__][INFO] - Train, Round 017: Loss=0.6676, Accuracy=0.774250
[2025-09-23 17:52:41,370][__main__][INFO] - Train, Round 018: Loss=0.6440, Accuracy=0.784617
[2025-09-23 17:52:41,370][__main__][INFO] - Train, Round 019: Loss=0.6198, Accuracy=0.794017
[2025-09-23 17:52:41,370][__main__][INFO] - Train, Round 020: Loss=0.6038, Accuracy=0.799983
[2025-09-23 17:52:41,370][__main__][INFO] - Train, Round 021: Loss=0.5836, Accuracy=0.808900
[2025-09-23 17:52:41,370][__main__][INFO] - Train, Round 022: Loss=0.5634, Accuracy=0.813767
[2025-09-23 17:52:41,370][__main__][INFO] - Train, Round 023: Loss=0.5058, Accuracy=0.829633
[2025-09-23 17:52:41,370][__main__][INFO] - Train, Round 024: Loss=0.4790, Accuracy=0.839500
[2025-09-23 17:52:41,370][__main__][INFO] - Train, Round 025: Loss=0.4539, Accuracy=0.844767
[2025-09-23 17:52:41,370][__main__][INFO] - Train, Round 026: Loss=0.4476, Accuracy=0.850133
[2025-09-23 17:52:41,370][__main__][INFO] - Train, Round 027: Loss=0.4401, Accuracy=0.855067
[2025-09-23 17:52:41,370][__main__][INFO] - Train, Round 028: Loss=0.4144, Accuracy=0.865433
[2025-09-23 17:52:41,370][__main__][INFO] - Train, Round 029: Loss=0.4307, Accuracy=0.864633
[2025-09-23 17:52:41,370][__main__][INFO] - Train, Round 030: Loss=0.4710, Accuracy=0.862850
[2025-09-23 17:52:41,370][__main__][INFO] - Train, Round 031: Loss=0.3957, Accuracy=0.880417
[2025-09-23 17:52:41,370][__main__][INFO] - Train, Round 032: Loss=0.3893, Accuracy=0.882567
[2025-09-23 17:52:41,370][__main__][INFO] - Train, Round 033: Loss=0.3657, Accuracy=0.888217
[2025-09-23 17:52:41,370][__main__][INFO] - Train, Round 034: Loss=0.4074, Accuracy=0.884267
[2025-09-23 17:52:41,370][__main__][INFO] - Train, Round 035: Loss=0.3479, Accuracy=0.895250
[2025-09-23 17:52:41,370][__main__][INFO] - Train, Round 036: Loss=0.3175, Accuracy=0.904600
[2025-09-23 17:52:41,370][__main__][INFO] - Train, Round 037: Loss=0.3020, Accuracy=0.910800
[2025-09-23 17:52:41,370][__main__][INFO] - Train, Round 038: Loss=0.3164, Accuracy=0.906300
[2025-09-23 17:52:41,370][__main__][INFO] - Train, Round 039: Loss=0.3030, Accuracy=0.911317
[2025-09-23 17:52:41,370][__main__][INFO] - Train, Round 040: Loss=0.2836, Accuracy=0.916450
[2025-09-23 17:52:41,370][__main__][INFO] - Train, Round 041: Loss=0.2708, Accuracy=0.920433
[2025-09-23 17:52:41,370][__main__][INFO] - Train, Round 042: Loss=0.3261, Accuracy=0.917300
[2025-09-23 17:52:41,370][__main__][INFO] - Train, Round 043: Loss=0.2082, Accuracy=0.937683
[2025-09-23 17:52:41,370][__main__][INFO] - Train, Round 044: Loss=0.2064, Accuracy=0.938400
[2025-09-23 17:52:41,370][__main__][INFO] - Train, Round 045: Loss=0.2080, Accuracy=0.937933
[2025-09-23 17:52:41,370][__main__][INFO] - Train, Round 046: Loss=0.1973, Accuracy=0.940817
[2025-09-23 17:52:41,370][__main__][INFO] - Train, Round 047: Loss=0.3807, Accuracy=0.931883
[2025-09-23 17:52:41,370][__main__][INFO] - Train, Round 048: Loss=0.2190, Accuracy=0.935817
[2025-09-23 17:52:41,370][__main__][INFO] - Train, Round 049: Loss=0.1811, Accuracy=0.945867
[2025-09-23 17:52:41,370][__main__][INFO] - Train, Round 050: Loss=0.1788, Accuracy=0.947567
[2025-09-23 17:52:41,370][__main__][INFO] - Train, Round 051: Loss=0.1662, Accuracy=0.952450
[2025-09-23 17:52:41,371][__main__][INFO] - Train, Round 052: Loss=0.1605, Accuracy=0.953650
[2025-09-23 17:52:41,371][__main__][INFO] - Train, Round 053: Loss=0.1810, Accuracy=0.958283
[2025-09-23 17:52:41,371][__main__][INFO] - Train, Round 054: Loss=0.1910, Accuracy=0.956700
[2025-09-23 17:52:41,371][__main__][INFO] - Train, Round 055: Loss=0.1808, Accuracy=0.959950
[2025-09-23 17:52:41,371][__main__][INFO] - Train, Round 056: Loss=0.1772, Accuracy=0.960233
[2025-09-23 17:52:41,371][__main__][INFO] - Train, Round 057: Loss=0.1714, Accuracy=0.960417
[2025-09-23 17:52:41,371][__main__][INFO] - Train, Round 058: Loss=0.1763, Accuracy=0.960283
[2025-09-23 17:52:41,371][__main__][INFO] - Train, Round 059: Loss=0.1741, Accuracy=0.960400
[2025-09-23 17:52:41,371][__main__][INFO] - Train, Round 060: Loss=0.1099, Accuracy=0.965317
[2025-09-23 17:52:41,371][__main__][INFO] - Train, Round 061: Loss=0.1030, Accuracy=0.968683
[2025-09-23 17:52:41,371][__main__][INFO] - Train, Round 062: Loss=0.1074, Accuracy=0.967833
[2025-09-23 17:52:41,371][__main__][INFO] - Train, Round 063: Loss=0.0926, Accuracy=0.971017
[2025-09-23 17:52:41,371][__main__][INFO] - Train, Round 064: Loss=0.0812, Accuracy=0.974583
[2025-09-23 17:52:41,371][__main__][INFO] - Train, Round 065: Loss=0.0785, Accuracy=0.975500
[2025-09-23 17:52:41,371][__main__][INFO] - Train, Round 066: Loss=0.0778, Accuracy=0.975567
[2025-09-23 17:52:41,371][__main__][INFO] - Train, Round 067: Loss=0.0761, Accuracy=0.975983
[2025-09-23 17:52:41,371][__main__][INFO] - Train, Round 068: Loss=0.0788, Accuracy=0.976200
[2025-09-23 17:52:41,371][__main__][INFO] - Train, Round 069: Loss=0.0729, Accuracy=0.978217
[2025-09-23 17:52:41,371][__main__][INFO] - Train, Round 070: Loss=0.0736, Accuracy=0.977467
[2025-09-23 17:52:41,371][__main__][INFO] - Train, Round 071: Loss=0.0751, Accuracy=0.977067
[2025-09-23 17:52:41,371][__main__][INFO] - Train, Round 072: Loss=0.0730, Accuracy=0.977267
[2025-09-23 17:52:41,371][__main__][INFO] - Train, Round 073: Loss=0.0691, Accuracy=0.978867
[2025-09-23 17:52:41,371][__main__][INFO] - Train, Round 074: Loss=0.0694, Accuracy=0.979083
[2025-09-23 17:52:41,371][__main__][INFO] - Train, Round 075: Loss=0.0701, Accuracy=0.979133
[2025-09-23 17:52:41,371][__main__][INFO] - Train, Round 076: Loss=0.0639, Accuracy=0.981083
[2025-09-23 17:52:41,371][__main__][INFO] - Train, Round 077: Loss=0.0630, Accuracy=0.981300
[2025-09-23 17:52:41,371][__main__][INFO] - Train, Round 078: Loss=0.0646, Accuracy=0.981517
[2025-09-23 17:52:41,371][__main__][INFO] - Train, Round 079: Loss=0.0641, Accuracy=0.981533
[2025-09-23 17:52:41,371][__main__][INFO] - Train, Round 080: Loss=0.0634, Accuracy=0.981633
[2025-09-23 17:52:41,371][__main__][INFO] - Train, Round 081: Loss=0.0871, Accuracy=0.976350
[2025-09-23 17:52:41,371][__main__][INFO] - Train, Round 082: Loss=0.0791, Accuracy=0.977767
[2025-09-23 17:52:41,371][__main__][INFO] - Train, Round 083: Loss=0.0814, Accuracy=0.977233
[2025-09-23 17:52:41,371][__main__][INFO] - Train, Round 084: Loss=0.0739, Accuracy=0.978933
[2025-09-23 17:52:41,371][__main__][INFO] - Train, Round 085: Loss=0.0696, Accuracy=0.979733
[2025-09-23 17:52:41,371][__main__][INFO] - Train, Round 086: Loss=0.0695, Accuracy=0.979867
[2025-09-23 17:52:41,371][__main__][INFO] - Train, Round 087: Loss=0.0705, Accuracy=0.979683
[2025-09-23 17:52:41,371][__main__][INFO] - Train, Round 088: Loss=0.0695, Accuracy=0.980667
[2025-09-23 17:52:41,371][__main__][INFO] - Train, Round 089: Loss=0.0705, Accuracy=0.980483
[2025-09-23 17:52:41,371][__main__][INFO] - Train, Round 090: Loss=0.0693, Accuracy=0.980533
[2025-09-23 17:52:41,371][__main__][INFO] - Train, Round 091: Loss=0.0700, Accuracy=0.980667
[2025-09-23 17:52:41,371][__main__][INFO] - Train, Round 092: Loss=0.0739, Accuracy=0.980733
[2025-09-23 17:52:41,371][__main__][INFO] - Train, Round 093: Loss=0.0706, Accuracy=0.981650
[2025-09-23 17:52:41,371][__main__][INFO] - Train, Round 094: Loss=0.0762, Accuracy=0.979733
[2025-09-23 17:52:41,371][__main__][INFO] - Train, Round 095: Loss=0.0738, Accuracy=0.979417
[2025-09-23 17:52:41,371][__main__][INFO] - Train, Round 096: Loss=0.0726, Accuracy=0.980383
[2025-09-23 17:52:41,371][__main__][INFO] - Train, Round 097: Loss=0.0700, Accuracy=0.980833
[2025-09-23 17:52:41,371][__main__][INFO] - Train, Round 098: Loss=0.0719, Accuracy=0.981200
[2025-09-23 17:52:41,371][__main__][INFO] - Train, Round 099: Loss=0.0511, Accuracy=0.984533
[2025-09-23 17:52:41,371][__main__][INFO] - Train, Round 100: Loss=0.0522, Accuracy=0.985267
[2025-09-23 17:52:41,371][__main__][INFO] - Test, Round 001: Loss=2.1067, Accuracy=0.220900
[2025-09-23 17:52:41,371][__main__][INFO] - Test, Round 002: Loss=1.9734, Accuracy=0.298100
[2025-09-23 17:52:41,371][__main__][INFO] - Test, Round 003: Loss=1.8359, Accuracy=0.343700
[2025-09-23 17:52:41,371][__main__][INFO] - Test, Round 004: Loss=1.7175, Accuracy=0.379700
[2025-09-23 17:52:41,372][__main__][INFO] - Test, Round 005: Loss=1.6122, Accuracy=0.426300
[2025-09-23 17:52:41,372][__main__][INFO] - Test, Round 006: Loss=1.5056, Accuracy=0.465400
[2025-09-23 17:52:41,372][__main__][INFO] - Test, Round 007: Loss=1.4543, Accuracy=0.502400
[2025-09-23 17:52:41,372][__main__][INFO] - Test, Round 008: Loss=1.3561, Accuracy=0.540600
[2025-09-23 17:52:41,372][__main__][INFO] - Test, Round 009: Loss=1.2898, Accuracy=0.561200
[2025-09-23 17:52:41,372][__main__][INFO] - Test, Round 010: Loss=1.2016, Accuracy=0.589800
[2025-09-23 17:52:41,372][__main__][INFO] - Test, Round 011: Loss=1.0738, Accuracy=0.628600
[2025-09-23 17:52:41,372][__main__][INFO] - Test, Round 012: Loss=1.0141, Accuracy=0.652300
[2025-09-23 17:52:41,372][__main__][INFO] - Test, Round 013: Loss=1.0741, Accuracy=0.667800
[2025-09-23 17:52:41,372][__main__][INFO] - Test, Round 014: Loss=1.0000, Accuracy=0.688200
[2025-09-23 17:52:41,372][__main__][INFO] - Test, Round 015: Loss=0.8531, Accuracy=0.719700
[2025-09-23 17:52:41,372][__main__][INFO] - Test, Round 016: Loss=0.7528, Accuracy=0.749000
[2025-09-23 17:52:41,372][__main__][INFO] - Test, Round 017: Loss=0.7175, Accuracy=0.757600
[2025-09-23 17:52:41,372][__main__][INFO] - Test, Round 018: Loss=0.6970, Accuracy=0.766400
[2025-09-23 17:52:41,372][__main__][INFO] - Test, Round 019: Loss=0.6770, Accuracy=0.773900
[2025-09-23 17:52:41,372][__main__][INFO] - Test, Round 020: Loss=0.6613, Accuracy=0.778300
[2025-09-23 17:52:41,372][__main__][INFO] - Test, Round 021: Loss=0.6482, Accuracy=0.787300
[2025-09-23 17:52:41,372][__main__][INFO] - Test, Round 022: Loss=0.6268, Accuracy=0.791300
[2025-09-23 17:52:41,372][__main__][INFO] - Test, Round 023: Loss=0.5780, Accuracy=0.806500
[2025-09-23 17:52:41,372][__main__][INFO] - Test, Round 024: Loss=0.5498, Accuracy=0.813900
[2025-09-23 17:52:41,372][__main__][INFO] - Test, Round 025: Loss=0.5311, Accuracy=0.819100
[2025-09-23 17:52:41,372][__main__][INFO] - Test, Round 026: Loss=0.5389, Accuracy=0.824500
[2025-09-23 17:52:41,372][__main__][INFO] - Test, Round 027: Loss=0.5310, Accuracy=0.828800
[2025-09-23 17:52:41,372][__main__][INFO] - Test, Round 028: Loss=0.5005, Accuracy=0.839300
[2025-09-23 17:52:41,372][__main__][INFO] - Test, Round 029: Loss=0.5197, Accuracy=0.839700
[2025-09-23 17:52:41,372][__main__][INFO] - Test, Round 030: Loss=0.5760, Accuracy=0.836100
[2025-09-23 17:52:41,372][__main__][INFO] - Test, Round 031: Loss=0.4984, Accuracy=0.852900
[2025-09-23 17:52:41,372][__main__][INFO] - Test, Round 032: Loss=0.4922, Accuracy=0.853800
[2025-09-23 17:52:41,372][__main__][INFO] - Test, Round 033: Loss=0.4696, Accuracy=0.858300
[2025-09-23 17:52:41,372][__main__][INFO] - Test, Round 034: Loss=0.5101, Accuracy=0.856100
[2025-09-23 17:52:41,372][__main__][INFO] - Test, Round 035: Loss=0.4503, Accuracy=0.865500
[2025-09-23 17:52:41,372][__main__][INFO] - Test, Round 036: Loss=0.4292, Accuracy=0.872500
[2025-09-23 17:52:41,372][__main__][INFO] - Test, Round 037: Loss=0.4109, Accuracy=0.878900
[2025-09-23 17:52:41,372][__main__][INFO] - Test, Round 038: Loss=0.4328, Accuracy=0.874100
[2025-09-23 17:52:41,372][__main__][INFO] - Test, Round 039: Loss=0.4222, Accuracy=0.877700
[2025-09-23 17:52:41,372][__main__][INFO] - Test, Round 040: Loss=0.4066, Accuracy=0.881600
[2025-09-23 17:52:41,372][__main__][INFO] - Test, Round 041: Loss=0.3909, Accuracy=0.886200
[2025-09-23 17:52:41,372][__main__][INFO] - Test, Round 042: Loss=0.4585, Accuracy=0.881900
[2025-09-23 17:52:41,372][__main__][INFO] - Test, Round 043: Loss=0.3371, Accuracy=0.899200
[2025-09-23 17:52:41,372][__main__][INFO] - Test, Round 044: Loss=0.3320, Accuracy=0.900600
[2025-09-23 17:52:41,372][__main__][INFO] - Test, Round 045: Loss=0.3351, Accuracy=0.901800
[2025-09-23 17:52:41,372][__main__][INFO] - Test, Round 046: Loss=0.3247, Accuracy=0.905900
[2025-09-23 17:52:41,372][__main__][INFO] - Test, Round 047: Loss=0.5043, Accuracy=0.894100
[2025-09-23 17:52:41,372][__main__][INFO] - Test, Round 048: Loss=0.3611, Accuracy=0.895800
[2025-09-23 17:52:41,372][__main__][INFO] - Test, Round 049: Loss=0.3253, Accuracy=0.904900
[2025-09-23 17:52:41,372][__main__][INFO] - Test, Round 050: Loss=0.3170, Accuracy=0.907400
[2025-09-23 17:52:41,372][__main__][INFO] - Test, Round 051: Loss=0.3070, Accuracy=0.911300
[2025-09-23 17:52:41,372][__main__][INFO] - Test, Round 052: Loss=0.3026, Accuracy=0.911500
[2025-09-23 17:52:41,372][__main__][INFO] - Test, Round 053: Loss=0.3304, Accuracy=0.916000
[2025-09-23 17:52:41,372][__main__][INFO] - Test, Round 054: Loss=0.3370, Accuracy=0.913900
[2025-09-23 17:52:41,372][__main__][INFO] - Test, Round 055: Loss=0.3241, Accuracy=0.917000
[2025-09-23 17:52:41,372][__main__][INFO] - Test, Round 056: Loss=0.3224, Accuracy=0.918100
[2025-09-23 17:52:41,372][__main__][INFO] - Test, Round 057: Loss=0.3230, Accuracy=0.916900
[2025-09-23 17:52:41,373][__main__][INFO] - Test, Round 058: Loss=0.3246, Accuracy=0.917100
[2025-09-23 17:52:41,373][__main__][INFO] - Test, Round 059: Loss=0.3218, Accuracy=0.918300
[2025-09-23 17:52:41,373][__main__][INFO] - Test, Round 060: Loss=0.2602, Accuracy=0.922100
[2025-09-23 17:52:41,373][__main__][INFO] - Test, Round 061: Loss=0.2522, Accuracy=0.924100
[2025-09-23 17:52:41,373][__main__][INFO] - Test, Round 062: Loss=0.2666, Accuracy=0.922000
[2025-09-23 17:52:41,373][__main__][INFO] - Test, Round 063: Loss=0.2472, Accuracy=0.927200
[2025-09-23 17:52:41,373][__main__][INFO] - Test, Round 064: Loss=0.2348, Accuracy=0.931300
[2025-09-23 17:52:41,373][__main__][INFO] - Test, Round 065: Loss=0.2322, Accuracy=0.931000
[2025-09-23 17:52:41,373][__main__][INFO] - Test, Round 066: Loss=0.2353, Accuracy=0.930800
[2025-09-23 17:52:41,373][__main__][INFO] - Test, Round 067: Loss=0.2351, Accuracy=0.930200
[2025-09-23 17:52:41,373][__main__][INFO] - Test, Round 068: Loss=0.2386, Accuracy=0.929600
[2025-09-23 17:52:41,373][__main__][INFO] - Test, Round 069: Loss=0.2312, Accuracy=0.930700
[2025-09-23 17:52:41,373][__main__][INFO] - Test, Round 070: Loss=0.2338, Accuracy=0.930400
[2025-09-23 17:52:41,373][__main__][INFO] - Test, Round 071: Loss=0.2335, Accuracy=0.930800
[2025-09-23 17:52:41,373][__main__][INFO] - Test, Round 072: Loss=0.2344, Accuracy=0.932000
[2025-09-23 17:52:41,373][__main__][INFO] - Test, Round 073: Loss=0.2312, Accuracy=0.932900
[2025-09-23 17:52:41,373][__main__][INFO] - Test, Round 074: Loss=0.2326, Accuracy=0.932500
[2025-09-23 17:52:41,373][__main__][INFO] - Test, Round 075: Loss=0.2339, Accuracy=0.932000
[2025-09-23 17:52:41,373][__main__][INFO] - Test, Round 076: Loss=0.2300, Accuracy=0.934600
[2025-09-23 17:52:41,373][__main__][INFO] - Test, Round 077: Loss=0.2310, Accuracy=0.935000
[2025-09-23 17:52:41,373][__main__][INFO] - Test, Round 078: Loss=0.2336, Accuracy=0.935000
[2025-09-23 17:52:41,373][__main__][INFO] - Test, Round 079: Loss=0.2330, Accuracy=0.935100
[2025-09-23 17:52:41,373][__main__][INFO] - Test, Round 080: Loss=0.2340, Accuracy=0.934600
[2025-09-23 17:52:41,373][__main__][INFO] - Test, Round 081: Loss=0.2608, Accuracy=0.928800
[2025-09-23 17:52:41,373][__main__][INFO] - Test, Round 082: Loss=0.2548, Accuracy=0.930100
[2025-09-23 17:52:41,373][__main__][INFO] - Test, Round 083: Loss=0.2589, Accuracy=0.929600
[2025-09-23 17:52:41,373][__main__][INFO] - Test, Round 084: Loss=0.2551, Accuracy=0.931000
[2025-09-23 17:52:41,373][__main__][INFO] - Test, Round 085: Loss=0.2518, Accuracy=0.932500
[2025-09-23 17:52:41,373][__main__][INFO] - Test, Round 086: Loss=0.2536, Accuracy=0.932500
[2025-09-23 17:52:41,373][__main__][INFO] - Test, Round 087: Loss=0.2552, Accuracy=0.932300
[2025-09-23 17:52:41,373][__main__][INFO] - Test, Round 088: Loss=0.2527, Accuracy=0.932800
[2025-09-23 17:52:41,373][__main__][INFO] - Test, Round 089: Loss=0.2529, Accuracy=0.932800
[2025-09-23 17:52:41,373][__main__][INFO] - Test, Round 090: Loss=0.2525, Accuracy=0.933300
[2025-09-23 17:52:41,373][__main__][INFO] - Test, Round 091: Loss=0.2549, Accuracy=0.933100
[2025-09-23 17:52:41,373][__main__][INFO] - Test, Round 092: Loss=0.2554, Accuracy=0.932800
[2025-09-23 17:52:41,373][__main__][INFO] - Test, Round 093: Loss=0.2508, Accuracy=0.933900
[2025-09-23 17:52:41,373][__main__][INFO] - Test, Round 094: Loss=0.2640, Accuracy=0.932100
[2025-09-23 17:52:41,373][__main__][INFO] - Test, Round 095: Loss=0.2623, Accuracy=0.932200
[2025-09-23 17:52:41,373][__main__][INFO] - Test, Round 096: Loss=0.2608, Accuracy=0.933300
[2025-09-23 17:52:41,373][__main__][INFO] - Test, Round 097: Loss=0.2602, Accuracy=0.933300
[2025-09-23 17:52:41,373][__main__][INFO] - Test, Round 098: Loss=0.2592, Accuracy=0.933800
[2025-09-23 17:52:41,373][__main__][INFO] - Test, Round 099: Loss=0.2386, Accuracy=0.936500
[2025-09-23 17:52:41,373][__main__][INFO] - Test, Round 100: Loss=0.2367, Accuracy=0.937200
