[2025-09-23 16:59:59,237][flp2p.graph_runner][INFO] - Train, Round 0 : loss => 4.013267084181718,  accuracy: 0.28633333333333333
[2025-09-23 16:59:59,237][flp2p.graph_runner][INFO] - Test, Round 0 : loss => 3.9999805155277253,  accuracy: 0.2791
[2025-09-23 17:00:29,061][flp2p.graph_runner][INFO] - Train, Round 1 : loss => 5.0274981256517925,  accuracy: 0.38155
[2025-09-23 17:00:29,061][flp2p.graph_runner][INFO] - Test, Round 1 : loss => 5.039506416878104,  accuracy: 0.3777
[2025-09-23 17:00:59,105][flp2p.graph_runner][INFO] - Train, Round 2 : loss => 5.469446670927538,  accuracy: 0.46481666666666666
[2025-09-23 17:00:59,106][flp2p.graph_runner][INFO] - Test, Round 2 : loss => 5.456533248510957,  accuracy: 0.4637
[2025-09-23 17:01:28,804][flp2p.graph_runner][INFO] - Train, Round 3 : loss => 4.367291466243227,  accuracy: 0.5396166666666666
[2025-09-23 17:01:28,804][flp2p.graph_runner][INFO] - Test, Round 3 : loss => 4.3502521621808405,  accuracy: 0.5335
[2025-09-23 17:01:57,814][flp2p.graph_runner][INFO] - Train, Round 4 : loss => 3.7627082622729824,  accuracy: 0.5904166666666667
[2025-09-23 17:01:57,814][flp2p.graph_runner][INFO] - Test, Round 4 : loss => 3.7709689343745354,  accuracy: 0.5847
[2025-09-23 17:02:27,154][flp2p.graph_runner][INFO] - Train, Round 5 : loss => 2.9981038945463276,  accuracy: 0.65335
[2025-09-23 17:02:27,155][flp2p.graph_runner][INFO] - Test, Round 5 : loss => 2.9898724308498204,  accuracy: 0.6478
[2025-09-23 17:02:56,341][flp2p.graph_runner][INFO] - Train, Round 6 : loss => 2.4110272407549274,  accuracy: 0.7048
[2025-09-23 17:02:56,341][flp2p.graph_runner][INFO] - Test, Round 6 : loss => 2.417578270480875,  accuracy: 0.6975
[2025-09-23 17:03:26,488][flp2p.graph_runner][INFO] - Train, Round 7 : loss => 1.951179675012312,  accuracy: 0.7356666666666667
[2025-09-23 17:03:26,489][flp2p.graph_runner][INFO] - Test, Round 7 : loss => 1.928166227025725,  accuracy: 0.7313
[2025-09-23 17:03:56,757][flp2p.graph_runner][INFO] - Train, Round 8 : loss => 1.5836576141546825,  accuracy: 0.7708
[2025-09-23 17:03:56,757][flp2p.graph_runner][INFO] - Test, Round 8 : loss => 1.5681573365608115,  accuracy: 0.7656
[2025-09-23 17:04:27,557][flp2p.graph_runner][INFO] - Train, Round 9 : loss => 1.1338880092246697,  accuracy: 0.79455
[2025-09-23 17:04:27,557][flp2p.graph_runner][INFO] - Test, Round 9 : loss => 1.155454477537277,  accuracy: 0.7904
[2025-09-23 17:04:58,457][flp2p.graph_runner][INFO] - Train, Round 10 : loss => 1.1952013967447845,  accuracy: 0.83195
[2025-09-23 17:04:58,457][flp2p.graph_runner][INFO] - Test, Round 10 : loss => 1.2107024213964375,  accuracy: 0.8251
[2025-09-23 17:05:29,171][flp2p.graph_runner][INFO] - Train, Round 11 : loss => 1.0488533064716443,  accuracy: 0.8611333333333333
[2025-09-23 17:05:29,171][flp2p.graph_runner][INFO] - Test, Round 11 : loss => 1.0381635937566542,  accuracy: 0.8543
[2025-09-23 17:05:59,853][flp2p.graph_runner][INFO] - Train, Round 12 : loss => 0.9329018076127685,  accuracy: 0.8810833333333333
[2025-09-23 17:05:59,854][flp2p.graph_runner][INFO] - Test, Round 12 : loss => 0.927268275169126,  accuracy: 0.8745
[2025-09-23 17:06:29,187][flp2p.graph_runner][INFO] - Train, Round 13 : loss => 0.9080803285515774,  accuracy: 0.8824
[2025-09-23 17:06:29,187][flp2p.graph_runner][INFO] - Test, Round 13 : loss => 0.9094821277524344,  accuracy: 0.8756
[2025-09-23 17:06:58,656][flp2p.graph_runner][INFO] - Train, Round 14 : loss => 0.5907201478150386,  accuracy: 0.8829333333333333
[2025-09-23 17:06:58,656][flp2p.graph_runner][INFO] - Test, Round 14 : loss => 0.5892565144234162,  accuracy: 0.8764
[2025-09-23 17:07:28,329][flp2p.graph_runner][INFO] - Train, Round 15 : loss => 0.6066223164741196,  accuracy: 0.8944833333333333
[2025-09-23 17:07:28,329][flp2p.graph_runner][INFO] - Test, Round 15 : loss => 0.6030994513440877,  accuracy: 0.889
[2025-09-23 17:07:58,082][flp2p.graph_runner][INFO] - Train, Round 16 : loss => 0.5024342282671358,  accuracy: 0.89685
[2025-09-23 17:07:58,082][flp2p.graph_runner][INFO] - Test, Round 16 : loss => 0.5048621094886708,  accuracy: 0.8931
[2025-09-23 17:08:28,013][flp2p.graph_runner][INFO] - Train, Round 17 : loss => 0.41371988639551427,  accuracy: 0.9031833333333333
[2025-09-23 17:08:28,013][flp2p.graph_runner][INFO] - Test, Round 17 : loss => 0.41925684243873984,  accuracy: 0.8994
[2025-09-23 17:08:58,369][flp2p.graph_runner][INFO] - Train, Round 18 : loss => 0.3905746657018678,  accuracy: 0.9177166666666666
[2025-09-23 17:08:58,369][flp2p.graph_runner][INFO] - Test, Round 18 : loss => 0.3979395757686085,  accuracy: 0.913
[2025-09-23 17:09:28,540][flp2p.graph_runner][INFO] - Train, Round 19 : loss => 0.3889375254150774,  accuracy: 0.9217833333333333
[2025-09-23 17:09:28,540][flp2p.graph_runner][INFO] - Test, Round 19 : loss => 0.399827071697684,  accuracy: 0.9163
[2025-09-23 17:09:58,160][flp2p.graph_runner][INFO] - Train, Round 20 : loss => 0.35178132830235426,  accuracy: 0.9335333333333333
[2025-09-23 17:09:58,160][flp2p.graph_runner][INFO] - Test, Round 20 : loss => 0.3623577030516375,  accuracy: 0.9281
[2025-09-23 17:10:29,363][flp2p.graph_runner][INFO] - Train, Round 21 : loss => 0.28231458816280436,  accuracy: 0.9444833333333333
[2025-09-23 17:10:29,363][flp2p.graph_runner][INFO] - Test, Round 21 : loss => 0.2952013899588994,  accuracy: 0.9388
[2025-09-23 17:10:59,538][flp2p.graph_runner][INFO] - Train, Round 22 : loss => 0.25665772757590954,  accuracy: 0.95025
[2025-09-23 17:10:59,538][flp2p.graph_runner][INFO] - Test, Round 22 : loss => 0.2702172803628077,  accuracy: 0.9447
[2025-09-23 17:11:29,654][flp2p.graph_runner][INFO] - Train, Round 23 : loss => 0.2539216625506094,  accuracy: 0.9520166666666666
[2025-09-23 17:11:29,654][flp2p.graph_runner][INFO] - Test, Round 23 : loss => 0.2660591048047369,  accuracy: 0.9459
[2025-09-23 17:11:59,908][flp2p.graph_runner][INFO] - Train, Round 24 : loss => 0.24691277682087853,  accuracy: 0.9568166666666666
[2025-09-23 17:11:59,908][flp2p.graph_runner][INFO] - Test, Round 24 : loss => 0.2604035700957742,  accuracy: 0.9497
[2025-09-23 17:12:30,004][flp2p.graph_runner][INFO] - Train, Round 25 : loss => 0.2796465723266785,  accuracy: 0.9523666666666667
[2025-09-23 17:12:30,004][flp2p.graph_runner][INFO] - Test, Round 25 : loss => 0.3034944838148091,  accuracy: 0.9456
[2025-09-23 17:13:00,129][flp2p.graph_runner][INFO] - Train, Round 26 : loss => 0.277633938858968,  accuracy: 0.9529833333333333
[2025-09-23 17:13:00,129][flp2p.graph_runner][INFO] - Test, Round 26 : loss => 0.30209275984550477,  accuracy: 0.9459
[2025-09-23 17:13:31,595][flp2p.graph_runner][INFO] - Train, Round 27 : loss => 0.11843621747458517,  accuracy: 0.9614333333333334
[2025-09-23 17:13:31,595][flp2p.graph_runner][INFO] - Test, Round 27 : loss => 0.14801971694992827,  accuracy: 0.9534
[2025-09-23 17:14:02,615][flp2p.graph_runner][INFO] - Train, Round 28 : loss => 0.1348135736869095,  accuracy: 0.9635666666666667
[2025-09-23 17:14:02,615][flp2p.graph_runner][INFO] - Test, Round 28 : loss => 0.16675970241615432,  accuracy: 0.9564
[2025-09-23 17:14:33,045][flp2p.graph_runner][INFO] - Train, Round 29 : loss => 0.11197293136952509,  accuracy: 0.97005
[2025-09-23 17:14:33,045][flp2p.graph_runner][INFO] - Test, Round 29 : loss => 0.13401230880046205,  accuracy: 0.9642
[2025-09-23 17:15:03,871][flp2p.graph_runner][INFO] - Train, Round 30 : loss => 0.08909746195148295,  accuracy: 0.9772833333333333
[2025-09-23 17:15:03,871][flp2p.graph_runner][INFO] - Test, Round 30 : loss => 0.12063324690593435,  accuracy: 0.9705
[2025-09-23 17:15:33,948][flp2p.graph_runner][INFO] - Train, Round 31 : loss => 0.09320429168673153,  accuracy: 0.9758333333333333
[2025-09-23 17:15:33,948][flp2p.graph_runner][INFO] - Test, Round 31 : loss => 0.12448163320802705,  accuracy: 0.9684
[2025-09-23 17:16:04,605][flp2p.graph_runner][INFO] - Train, Round 32 : loss => 0.08899143293976144,  accuracy: 0.9773
[2025-09-23 17:16:04,605][flp2p.graph_runner][INFO] - Test, Round 32 : loss => 0.11973580809401756,  accuracy: 0.9696
[2025-09-23 17:16:36,910][flp2p.graph_runner][INFO] - Train, Round 33 : loss => 0.0803010004348459,  accuracy: 0.9794
[2025-09-23 17:16:36,910][flp2p.graph_runner][INFO] - Test, Round 33 : loss => 0.1095567216151605,  accuracy: 0.9721
[2025-09-23 17:17:10,226][flp2p.graph_runner][INFO] - Train, Round 34 : loss => 0.07850086264642578,  accuracy: 0.97975
[2025-09-23 17:17:10,227][flp2p.graph_runner][INFO] - Test, Round 34 : loss => 0.10981479753409512,  accuracy: 0.9715
[2025-09-23 17:17:43,119][flp2p.graph_runner][INFO] - Train, Round 35 : loss => 0.07448559892165478,  accuracy: 0.98075
[2025-09-23 17:17:43,119][flp2p.graph_runner][INFO] - Test, Round 35 : loss => 0.10728277696322766,  accuracy: 0.9731
[2025-09-23 17:18:15,071][flp2p.graph_runner][INFO] - Train, Round 36 : loss => 0.027489992298646578,  accuracy: 0.9913166666666666
[2025-09-23 17:18:15,071][flp2p.graph_runner][INFO] - Test, Round 36 : loss => 0.0457783863456465,  accuracy: 0.9832
[2025-09-23 17:18:48,630][flp2p.graph_runner][INFO] - Train, Round 37 : loss => 0.046106129387211724,  accuracy: 0.9919833333333333
[2025-09-23 17:18:48,630][flp2p.graph_runner][INFO] - Test, Round 37 : loss => 0.06615256817688314,  accuracy: 0.9842
[2025-09-23 17:19:21,950][flp2p.graph_runner][INFO] - Train, Round 38 : loss => 0.04512580151255395,  accuracy: 0.99205
[2025-09-23 17:19:21,950][flp2p.graph_runner][INFO] - Test, Round 38 : loss => 0.06461223499331681,  accuracy: 0.9842
[2025-09-23 17:19:55,098][flp2p.graph_runner][INFO] - Train, Round 39 : loss => 0.0451116121386311,  accuracy: 0.9917
[2025-09-23 17:19:55,098][flp2p.graph_runner][INFO] - Test, Round 39 : loss => 0.0657310523449385,  accuracy: 0.9838
[2025-09-23 17:20:27,535][flp2p.graph_runner][INFO] - Train, Round 40 : loss => 0.04415007568415423,  accuracy: 0.9921333333333333
[2025-09-23 17:20:27,535][flp2p.graph_runner][INFO] - Test, Round 40 : loss => 0.06456659994795519,  accuracy: 0.9842
[2025-09-23 17:21:01,323][flp2p.graph_runner][INFO] - Train, Round 41 : loss => 0.043783092403921205,  accuracy: 0.9921833333333333
[2025-09-23 17:21:01,323][flp2p.graph_runner][INFO] - Test, Round 41 : loss => 0.06409415249732701,  accuracy: 0.9844
[2025-09-23 17:21:33,408][flp2p.graph_runner][INFO] - Train, Round 42 : loss => 0.04383344447260525,  accuracy: 0.9922833333333333
[2025-09-23 17:21:33,408][flp2p.graph_runner][INFO] - Test, Round 42 : loss => 0.0637166063752069,  accuracy: 0.9846
[2025-09-23 17:22:06,319][flp2p.graph_runner][INFO] - Train, Round 43 : loss => 0.04215185227575528,  accuracy: 0.9925833333333334
[2025-09-23 17:22:06,319][flp2p.graph_runner][INFO] - Test, Round 43 : loss => 0.06292343299963504,  accuracy: 0.9852
[2025-09-23 17:22:38,998][flp2p.graph_runner][INFO] - Train, Round 44 : loss => 0.04168203223116799,  accuracy: 0.9928666666666667
[2025-09-23 17:22:38,998][flp2p.graph_runner][INFO] - Test, Round 44 : loss => 0.06309176537310122,  accuracy: 0.9845
[2025-09-23 17:23:11,146][flp2p.graph_runner][INFO] - Train, Round 45 : loss => 0.04150059291500457,  accuracy: 0.9929833333333333
[2025-09-23 17:23:11,146][flp2p.graph_runner][INFO] - Test, Round 45 : loss => 0.0625413533737581,  accuracy: 0.9848
[2025-09-23 17:23:43,842][flp2p.graph_runner][INFO] - Train, Round 46 : loss => 0.040592807502587265,  accuracy: 0.9932
[2025-09-23 17:23:43,842][flp2p.graph_runner][INFO] - Test, Round 46 : loss => 0.06271459468250214,  accuracy: 0.9852
[2025-09-23 17:24:16,550][flp2p.graph_runner][INFO] - Train, Round 47 : loss => 0.04020593565043065,  accuracy: 0.9934333333333333
[2025-09-23 17:24:16,550][flp2p.graph_runner][INFO] - Test, Round 47 : loss => 0.061563862527247694,  accuracy: 0.9859
[2025-09-23 17:24:49,509][flp2p.graph_runner][INFO] - Train, Round 48 : loss => 0.03956014652492253,  accuracy: 0.9935833333333334
[2025-09-23 17:24:49,509][flp2p.graph_runner][INFO] - Test, Round 48 : loss => 0.061403864345922196,  accuracy: 0.9861
[2025-09-23 17:25:22,569][flp2p.graph_runner][INFO] - Train, Round 49 : loss => 0.04057783760393108,  accuracy: 0.9932666666666666
[2025-09-23 17:25:22,569][flp2p.graph_runner][INFO] - Test, Round 49 : loss => 0.06243286422012479,  accuracy: 0.9854
[2025-09-23 17:25:55,441][flp2p.graph_runner][INFO] - Train, Round 50 : loss => 0.015430970767450846,  accuracy: 0.9936166666666667
[2025-09-23 17:25:55,441][flp2p.graph_runner][INFO] - Test, Round 50 : loss => 0.03616952303014714,  accuracy: 0.9855
[2025-09-23 17:26:28,548][flp2p.graph_runner][INFO] - Train, Round 51 : loss => 0.015467242242260882,  accuracy: 0.9936333333333334
[2025-09-23 17:26:28,548][flp2p.graph_runner][INFO] - Test, Round 51 : loss => 0.03587779587051282,  accuracy: 0.9854
[2025-09-23 17:27:01,797][flp2p.graph_runner][INFO] - Train, Round 52 : loss => 0.016173898897198818,  accuracy: 0.9937166666666667
[2025-09-23 17:27:01,797][flp2p.graph_runner][INFO] - Test, Round 52 : loss => 0.035618613828220444,  accuracy: 0.9854
[2025-09-23 17:27:35,143][flp2p.graph_runner][INFO] - Train, Round 53 : loss => 0.020092182554291002,  accuracy: 0.9918166666666667
[2025-09-23 17:27:35,143][flp2p.graph_runner][INFO] - Test, Round 53 : loss => 0.043410672936113406,  accuracy: 0.9831
[2025-09-23 17:28:06,964][flp2p.graph_runner][INFO] - Train, Round 54 : loss => 0.014179148077631352,  accuracy: 0.9939666666666667
[2025-09-23 17:28:06,964][flp2p.graph_runner][INFO] - Test, Round 54 : loss => 0.03525052637562166,  accuracy: 0.9854
[2025-09-23 17:28:39,408][flp2p.graph_runner][INFO] - Train, Round 55 : loss => 0.013793906335622733,  accuracy: 0.994
[2025-09-23 17:28:39,409][flp2p.graph_runner][INFO] - Test, Round 55 : loss => 0.03540966811730232,  accuracy: 0.9854
[2025-09-23 17:29:12,194][flp2p.graph_runner][INFO] - Train, Round 56 : loss => 0.010433406040403187,  accuracy: 0.9978
[2025-09-23 17:29:12,194][flp2p.graph_runner][INFO] - Test, Round 56 : loss => 0.03244852539871772,  accuracy: 0.9895
[2025-09-23 17:29:45,139][flp2p.graph_runner][INFO] - Train, Round 57 : loss => 0.007972787360957611,  accuracy: 0.9983333333333333
[2025-09-23 17:29:45,139][flp2p.graph_runner][INFO] - Test, Round 57 : loss => 0.029432967969318997,  accuracy: 0.99
[2025-09-23 17:30:17,037][flp2p.graph_runner][INFO] - Train, Round 58 : loss => 0.006581133262315669,  accuracy: 0.9986166666666667
[2025-09-23 17:30:17,037][flp2p.graph_runner][INFO] - Test, Round 58 : loss => 0.028458691494165758,  accuracy: 0.9899
[2025-09-23 17:30:48,344][flp2p.graph_runner][INFO] - Train, Round 59 : loss => 0.006977295638060274,  accuracy: 0.9986333333333334
[2025-09-23 17:30:48,344][flp2p.graph_runner][INFO] - Test, Round 59 : loss => 0.028331854673763517,  accuracy: 0.9899
[2025-09-23 17:31:21,493][flp2p.graph_runner][INFO] - Train, Round 60 : loss => 0.005681580024779583,  accuracy: 0.9989166666666667
[2025-09-23 17:31:21,494][flp2p.graph_runner][INFO] - Test, Round 60 : loss => 0.02650244522060075,  accuracy: 0.9905
[2025-09-23 17:31:54,529][flp2p.graph_runner][INFO] - Train, Round 61 : loss => 0.005225737523265073,  accuracy: 0.9988666666666667
[2025-09-23 17:31:54,529][flp2p.graph_runner][INFO] - Test, Round 61 : loss => 0.026214992823700232,  accuracy: 0.9911
[2025-09-23 17:32:27,505][flp2p.graph_runner][INFO] - Train, Round 62 : loss => 0.005413273372250259,  accuracy: 0.9987833333333334
[2025-09-23 17:32:27,505][flp2p.graph_runner][INFO] - Test, Round 62 : loss => 0.02613801183116975,  accuracy: 0.991
[2025-09-23 17:33:00,874][flp2p.graph_runner][INFO] - Train, Round 63 : loss => 0.0052250908261741134,  accuracy: 0.9988166666666667
[2025-09-23 17:33:00,874][flp2p.graph_runner][INFO] - Test, Round 63 : loss => 0.025914091167068727,  accuracy: 0.991
[2025-09-23 17:33:33,329][flp2p.graph_runner][INFO] - Train, Round 64 : loss => 0.005283111639623459,  accuracy: 0.9987833333333334
[2025-09-23 17:33:33,329][flp2p.graph_runner][INFO] - Test, Round 64 : loss => 0.026590661637811718,  accuracy: 0.9909
[2025-09-23 17:34:05,504][flp2p.graph_runner][INFO] - Train, Round 65 : loss => 0.005047683402773086,  accuracy: 0.9989333333333333
[2025-09-23 17:34:05,505][flp2p.graph_runner][INFO] - Test, Round 65 : loss => 0.026601830511081243,  accuracy: 0.9912
[2025-09-23 17:34:37,478][flp2p.graph_runner][INFO] - Train, Round 66 : loss => 0.004986573540230037,  accuracy: 0.9989333333333333
[2025-09-23 17:34:37,478][flp2p.graph_runner][INFO] - Test, Round 66 : loss => 0.026690878354503365,  accuracy: 0.991
[2025-09-23 17:35:09,718][flp2p.graph_runner][INFO] - Train, Round 67 : loss => 0.004883741996361818,  accuracy: 0.99895
[2025-09-23 17:35:09,718][flp2p.graph_runner][INFO] - Test, Round 67 : loss => 0.026567382731036378,  accuracy: 0.9912
[2025-09-23 17:35:41,287][flp2p.graph_runner][INFO] - Train, Round 68 : loss => 0.004928369423279276,  accuracy: 0.99895
[2025-09-23 17:35:41,287][flp2p.graph_runner][INFO] - Test, Round 68 : loss => 0.026793111929419865,  accuracy: 0.991
[2025-09-23 17:36:11,864][flp2p.graph_runner][INFO] - Train, Round 69 : loss => 0.004626021874559392,  accuracy: 0.9991666666666666
[2025-09-23 17:36:11,864][flp2p.graph_runner][INFO] - Test, Round 69 : loss => 0.026473698861315644,  accuracy: 0.9912
[2025-09-23 17:36:45,037][flp2p.graph_runner][INFO] - Train, Round 70 : loss => 0.005585041857642684,  accuracy: 0.9986166666666667
[2025-09-23 17:36:45,037][flp2p.graph_runner][INFO] - Test, Round 70 : loss => 0.028467514300673975,  accuracy: 0.9905
[2025-09-23 17:37:17,356][flp2p.graph_runner][INFO] - Train, Round 71 : loss => 0.005946430797587757,  accuracy: 0.9986166666666667
[2025-09-23 17:37:17,356][flp2p.graph_runner][INFO] - Test, Round 71 : loss => 0.028530253895638635,  accuracy: 0.9904
[2025-09-23 17:37:50,219][flp2p.graph_runner][INFO] - Train, Round 72 : loss => 0.005265041775603968,  accuracy: 0.99865
[2025-09-23 17:37:50,219][flp2p.graph_runner][INFO] - Test, Round 72 : loss => 0.02855008674487999,  accuracy: 0.9905
[2025-09-23 17:38:22,965][flp2p.graph_runner][INFO] - Train, Round 73 : loss => 0.005124892014322302,  accuracy: 0.99865
[2025-09-23 17:38:22,966][flp2p.graph_runner][INFO] - Test, Round 73 : loss => 0.02841385560001854,  accuracy: 0.9906
[2025-09-23 17:38:55,893][flp2p.graph_runner][INFO] - Train, Round 74 : loss => 0.004958215967450502,  accuracy: 0.9986666666666667
[2025-09-23 17:38:55,893][flp2p.graph_runner][INFO] - Test, Round 74 : loss => 0.028405536111852963,  accuracy: 0.991
[2025-09-23 17:39:27,462][flp2p.graph_runner][INFO] - Train, Round 75 : loss => 0.0033690023273426767,  accuracy: 0.9994166666666666
[2025-09-23 17:39:27,462][flp2p.graph_runner][INFO] - Test, Round 75 : loss => 0.025702263427452816,  accuracy: 0.9921
[2025-09-23 17:40:00,476][flp2p.graph_runner][INFO] - Train, Round 76 : loss => 0.0031562332796248754,  accuracy: 0.99935
[2025-09-23 17:40:00,476][flp2p.graph_runner][INFO] - Test, Round 76 : loss => 0.02555694180961855,  accuracy: 0.9921
[2025-09-23 17:40:33,812][flp2p.graph_runner][INFO] - Train, Round 77 : loss => 0.0030752136638967525,  accuracy: 0.99935
[2025-09-23 17:40:33,812][flp2p.graph_runner][INFO] - Test, Round 77 : loss => 0.025347230561718243,  accuracy: 0.9922
[2025-09-23 17:41:06,373][flp2p.graph_runner][INFO] - Train, Round 78 : loss => 0.002898736882526002,  accuracy: 0.9995
[2025-09-23 17:41:06,373][flp2p.graph_runner][INFO] - Test, Round 78 : loss => 0.025231785198379292,  accuracy: 0.9919
[2025-09-23 17:41:38,886][flp2p.graph_runner][INFO] - Train, Round 79 : loss => 0.0026785154058653333,  accuracy: 0.99955
[2025-09-23 17:41:38,886][flp2p.graph_runner][INFO] - Test, Round 79 : loss => 0.025082176331893243,  accuracy: 0.9921
[2025-09-23 17:42:18,821][flp2p.graph_runner][INFO] - Train, Round 80 : loss => 0.002480816741774896,  accuracy: 0.9996333333333334
[2025-09-23 17:42:18,821][flp2p.graph_runner][INFO] - Test, Round 80 : loss => 0.02504683518323709,  accuracy: 0.9922
[2025-09-23 17:42:52,031][flp2p.graph_runner][INFO] - Train, Round 81 : loss => 0.002421568015690385,  accuracy: 0.9996333333333334
[2025-09-23 17:42:52,031][flp2p.graph_runner][INFO] - Test, Round 81 : loss => 0.025169078682715007,  accuracy: 0.9923
[2025-09-23 17:43:24,459][flp2p.graph_runner][INFO] - Train, Round 82 : loss => 0.0024187904829410813,  accuracy: 0.9996333333333334
[2025-09-23 17:43:24,459][flp2p.graph_runner][INFO] - Test, Round 82 : loss => 0.025145022376350242,  accuracy: 0.992
[2025-09-23 17:43:56,399][flp2p.graph_runner][INFO] - Train, Round 83 : loss => 0.002345963677084034,  accuracy: 0.9996333333333334
[2025-09-23 17:43:56,399][flp2p.graph_runner][INFO] - Test, Round 83 : loss => 0.02488969636106449,  accuracy: 0.9921
[2025-09-23 17:44:30,145][flp2p.graph_runner][INFO] - Train, Round 84 : loss => 0.004068278749242741,  accuracy: 0.9988166666666667
[2025-09-23 17:44:30,145][flp2p.graph_runner][INFO] - Test, Round 84 : loss => 0.026219301860090853,  accuracy: 0.9915
[2025-09-23 17:45:03,619][flp2p.graph_runner][INFO] - Train, Round 85 : loss => 0.0031904889785517596,  accuracy: 0.9993333333333333
[2025-09-23 17:45:03,619][flp2p.graph_runner][INFO] - Test, Round 85 : loss => 0.02600722683484055,  accuracy: 0.9919
[2025-09-23 17:45:36,188][flp2p.graph_runner][INFO] - Train, Round 86 : loss => 0.003133008651406032,  accuracy: 0.9993666666666666
[2025-09-23 17:45:36,189][flp2p.graph_runner][INFO] - Test, Round 86 : loss => 0.026254423913887513,  accuracy: 0.9917
[2025-09-23 17:46:07,763][flp2p.graph_runner][INFO] - Train, Round 87 : loss => 0.0030897584024467367,  accuracy: 0.9994166666666666
[2025-09-23 17:46:07,763][flp2p.graph_runner][INFO] - Test, Round 87 : loss => 0.026192449057291196,  accuracy: 0.9916
[2025-09-23 17:46:39,654][flp2p.graph_runner][INFO] - Train, Round 88 : loss => 0.0030500578301511667,  accuracy: 0.9994166666666666
[2025-09-23 17:46:39,654][flp2p.graph_runner][INFO] - Test, Round 88 : loss => 0.025862128588555425,  accuracy: 0.9919
[2025-09-23 17:47:12,517][flp2p.graph_runner][INFO] - Train, Round 89 : loss => 0.0029789634159121813,  accuracy: 0.9994333333333333
[2025-09-23 17:47:12,517][flp2p.graph_runner][INFO] - Test, Round 89 : loss => 0.02582466019758758,  accuracy: 0.9918
[2025-09-23 17:47:44,069][flp2p.graph_runner][INFO] - Train, Round 90 : loss => 0.0027221645590782316,  accuracy: 0.9995
[2025-09-23 17:47:44,069][flp2p.graph_runner][INFO] - Test, Round 90 : loss => 0.025591567849692,  accuracy: 0.992
[2025-09-23 17:48:16,593][flp2p.graph_runner][INFO] - Train, Round 91 : loss => 0.0026279219365797214,  accuracy: 0.9995166666666667
[2025-09-23 17:48:16,593][flp2p.graph_runner][INFO] - Test, Round 91 : loss => 0.02559121830059921,  accuracy: 0.9918
[2025-09-23 17:48:47,953][flp2p.graph_runner][INFO] - Train, Round 92 : loss => 0.0026731383518572975,  accuracy: 0.9995166666666667
[2025-09-23 17:48:47,953][flp2p.graph_runner][INFO] - Test, Round 92 : loss => 0.02561505176025894,  accuracy: 0.992
[2025-09-23 17:49:19,734][flp2p.graph_runner][INFO] - Train, Round 93 : loss => 0.0027293614139579695,  accuracy: 0.9995166666666667
[2025-09-23 17:49:19,735][flp2p.graph_runner][INFO] - Test, Round 93 : loss => 0.025677256690001742,  accuracy: 0.992
[2025-09-23 17:49:52,277][flp2p.graph_runner][INFO] - Train, Round 94 : loss => 0.0026582427676300636,  accuracy: 0.9995166666666667
[2025-09-23 17:49:52,277][flp2p.graph_runner][INFO] - Test, Round 94 : loss => 0.026255438872600644,  accuracy: 0.992
[2025-09-23 17:50:24,775][flp2p.graph_runner][INFO] - Train, Round 95 : loss => 0.0025761911100319955,  accuracy: 0.9995166666666667
[2025-09-23 17:50:24,775][flp2p.graph_runner][INFO] - Test, Round 95 : loss => 0.025976384911051538,  accuracy: 0.9922
[2025-09-23 17:50:57,421][flp2p.graph_runner][INFO] - Train, Round 96 : loss => 0.002583653853813736,  accuracy: 0.9995333333333334
[2025-09-23 17:50:57,422][flp2p.graph_runner][INFO] - Test, Round 96 : loss => 0.025835539112357947,  accuracy: 0.992
[2025-09-23 17:51:29,893][flp2p.graph_runner][INFO] - Train, Round 97 : loss => 0.0024206466616647423,  accuracy: 0.9995333333333334
[2025-09-23 17:51:29,893][flp2p.graph_runner][INFO] - Test, Round 97 : loss => 0.02583624804441606,  accuracy: 0.992
[2025-09-23 17:52:01,916][flp2p.graph_runner][INFO] - Train, Round 98 : loss => 0.0015326331606078216,  accuracy: 0.9998
[2025-09-23 17:52:01,916][flp2p.graph_runner][INFO] - Test, Round 98 : loss => 0.024795450022258046,  accuracy: 0.9922
[2025-09-23 17:52:34,473][flp2p.graph_runner][INFO] - Train, Round 99 : loss => 0.001522166422982558,  accuracy: 0.9998
[2025-09-23 17:52:34,473][flp2p.graph_runner][INFO] - Test, Round 99 : loss => 0.024954778199082647,  accuracy: 0.9923
[2025-09-23 17:52:34,474][__main__][INFO] - Train, Round 001: Loss=4.0133, Accuracy=0.286333
[2025-09-23 17:52:34,474][__main__][INFO] - Train, Round 002: Loss=5.0275, Accuracy=0.381550
[2025-09-23 17:52:34,474][__main__][INFO] - Train, Round 003: Loss=5.4694, Accuracy=0.464817
[2025-09-23 17:52:34,474][__main__][INFO] - Train, Round 004: Loss=4.3673, Accuracy=0.539617
[2025-09-23 17:52:34,474][__main__][INFO] - Train, Round 005: Loss=3.7627, Accuracy=0.590417
[2025-09-23 17:52:34,474][__main__][INFO] - Train, Round 006: Loss=2.9981, Accuracy=0.653350
[2025-09-23 17:52:34,474][__main__][INFO] - Train, Round 007: Loss=2.4110, Accuracy=0.704800
[2025-09-23 17:52:34,474][__main__][INFO] - Train, Round 008: Loss=1.9512, Accuracy=0.735667
[2025-09-23 17:52:34,474][__main__][INFO] - Train, Round 009: Loss=1.5837, Accuracy=0.770800
[2025-09-23 17:52:34,474][__main__][INFO] - Train, Round 010: Loss=1.1339, Accuracy=0.794550
[2025-09-23 17:52:34,474][__main__][INFO] - Train, Round 011: Loss=1.1952, Accuracy=0.831950
[2025-09-23 17:52:34,474][__main__][INFO] - Train, Round 012: Loss=1.0489, Accuracy=0.861133
[2025-09-23 17:52:34,474][__main__][INFO] - Train, Round 013: Loss=0.9329, Accuracy=0.881083
[2025-09-23 17:52:34,474][__main__][INFO] - Train, Round 014: Loss=0.9081, Accuracy=0.882400
[2025-09-23 17:52:34,474][__main__][INFO] - Train, Round 015: Loss=0.5907, Accuracy=0.882933
[2025-09-23 17:52:34,474][__main__][INFO] - Train, Round 016: Loss=0.6066, Accuracy=0.894483
[2025-09-23 17:52:34,474][__main__][INFO] - Train, Round 017: Loss=0.5024, Accuracy=0.896850
[2025-09-23 17:52:34,474][__main__][INFO] - Train, Round 018: Loss=0.4137, Accuracy=0.903183
[2025-09-23 17:52:34,474][__main__][INFO] - Train, Round 019: Loss=0.3906, Accuracy=0.917717
[2025-09-23 17:52:34,474][__main__][INFO] - Train, Round 020: Loss=0.3889, Accuracy=0.921783
[2025-09-23 17:52:34,474][__main__][INFO] - Train, Round 021: Loss=0.3518, Accuracy=0.933533
[2025-09-23 17:52:34,474][__main__][INFO] - Train, Round 022: Loss=0.2823, Accuracy=0.944483
[2025-09-23 17:52:34,474][__main__][INFO] - Train, Round 023: Loss=0.2567, Accuracy=0.950250
[2025-09-23 17:52:34,474][__main__][INFO] - Train, Round 024: Loss=0.2539, Accuracy=0.952017
[2025-09-23 17:52:34,474][__main__][INFO] - Train, Round 025: Loss=0.2469, Accuracy=0.956817
[2025-09-23 17:52:34,474][__main__][INFO] - Train, Round 026: Loss=0.2796, Accuracy=0.952367
[2025-09-23 17:52:34,474][__main__][INFO] - Train, Round 027: Loss=0.2776, Accuracy=0.952983
[2025-09-23 17:52:34,474][__main__][INFO] - Train, Round 028: Loss=0.1184, Accuracy=0.961433
[2025-09-23 17:52:34,474][__main__][INFO] - Train, Round 029: Loss=0.1348, Accuracy=0.963567
[2025-09-23 17:52:34,474][__main__][INFO] - Train, Round 030: Loss=0.1120, Accuracy=0.970050
[2025-09-23 17:52:34,474][__main__][INFO] - Train, Round 031: Loss=0.0891, Accuracy=0.977283
[2025-09-23 17:52:34,474][__main__][INFO] - Train, Round 032: Loss=0.0932, Accuracy=0.975833
[2025-09-23 17:52:34,474][__main__][INFO] - Train, Round 033: Loss=0.0890, Accuracy=0.977300
[2025-09-23 17:52:34,474][__main__][INFO] - Train, Round 034: Loss=0.0803, Accuracy=0.979400
[2025-09-23 17:52:34,474][__main__][INFO] - Train, Round 035: Loss=0.0785, Accuracy=0.979750
[2025-09-23 17:52:34,474][__main__][INFO] - Train, Round 036: Loss=0.0745, Accuracy=0.980750
[2025-09-23 17:52:34,474][__main__][INFO] - Train, Round 037: Loss=0.0275, Accuracy=0.991317
[2025-09-23 17:52:34,474][__main__][INFO] - Train, Round 038: Loss=0.0461, Accuracy=0.991983
[2025-09-23 17:52:34,474][__main__][INFO] - Train, Round 039: Loss=0.0451, Accuracy=0.992050
[2025-09-23 17:52:34,474][__main__][INFO] - Train, Round 040: Loss=0.0451, Accuracy=0.991700
[2025-09-23 17:52:34,474][__main__][INFO] - Train, Round 041: Loss=0.0442, Accuracy=0.992133
[2025-09-23 17:52:34,474][__main__][INFO] - Train, Round 042: Loss=0.0438, Accuracy=0.992183
[2025-09-23 17:52:34,474][__main__][INFO] - Train, Round 043: Loss=0.0438, Accuracy=0.992283
[2025-09-23 17:52:34,474][__main__][INFO] - Train, Round 044: Loss=0.0422, Accuracy=0.992583
[2025-09-23 17:52:34,474][__main__][INFO] - Train, Round 045: Loss=0.0417, Accuracy=0.992867
[2025-09-23 17:52:34,474][__main__][INFO] - Train, Round 046: Loss=0.0415, Accuracy=0.992983
[2025-09-23 17:52:34,474][__main__][INFO] - Train, Round 047: Loss=0.0406, Accuracy=0.993200
[2025-09-23 17:52:34,474][__main__][INFO] - Train, Round 048: Loss=0.0402, Accuracy=0.993433
[2025-09-23 17:52:34,474][__main__][INFO] - Train, Round 049: Loss=0.0396, Accuracy=0.993583
[2025-09-23 17:52:34,474][__main__][INFO] - Train, Round 050: Loss=0.0406, Accuracy=0.993267
[2025-09-23 17:52:34,474][__main__][INFO] - Train, Round 051: Loss=0.0154, Accuracy=0.993617
[2025-09-23 17:52:34,474][__main__][INFO] - Train, Round 052: Loss=0.0155, Accuracy=0.993633
[2025-09-23 17:52:34,474][__main__][INFO] - Train, Round 053: Loss=0.0162, Accuracy=0.993717
[2025-09-23 17:52:34,474][__main__][INFO] - Train, Round 054: Loss=0.0201, Accuracy=0.991817
[2025-09-23 17:52:34,474][__main__][INFO] - Train, Round 055: Loss=0.0142, Accuracy=0.993967
[2025-09-23 17:52:34,475][__main__][INFO] - Train, Round 056: Loss=0.0138, Accuracy=0.994000
[2025-09-23 17:52:34,475][__main__][INFO] - Train, Round 057: Loss=0.0104, Accuracy=0.997800
[2025-09-23 17:52:34,475][__main__][INFO] - Train, Round 058: Loss=0.0080, Accuracy=0.998333
[2025-09-23 17:52:34,475][__main__][INFO] - Train, Round 059: Loss=0.0066, Accuracy=0.998617
[2025-09-23 17:52:34,475][__main__][INFO] - Train, Round 060: Loss=0.0070, Accuracy=0.998633
[2025-09-23 17:52:34,475][__main__][INFO] - Train, Round 061: Loss=0.0057, Accuracy=0.998917
[2025-09-23 17:52:34,475][__main__][INFO] - Train, Round 062: Loss=0.0052, Accuracy=0.998867
[2025-09-23 17:52:34,475][__main__][INFO] - Train, Round 063: Loss=0.0054, Accuracy=0.998783
[2025-09-23 17:52:34,475][__main__][INFO] - Train, Round 064: Loss=0.0052, Accuracy=0.998817
[2025-09-23 17:52:34,475][__main__][INFO] - Train, Round 065: Loss=0.0053, Accuracy=0.998783
[2025-09-23 17:52:34,475][__main__][INFO] - Train, Round 066: Loss=0.0050, Accuracy=0.998933
[2025-09-23 17:52:34,475][__main__][INFO] - Train, Round 067: Loss=0.0050, Accuracy=0.998933
[2025-09-23 17:52:34,475][__main__][INFO] - Train, Round 068: Loss=0.0049, Accuracy=0.998950
[2025-09-23 17:52:34,475][__main__][INFO] - Train, Round 069: Loss=0.0049, Accuracy=0.998950
[2025-09-23 17:52:34,475][__main__][INFO] - Train, Round 070: Loss=0.0046, Accuracy=0.999167
[2025-09-23 17:52:34,475][__main__][INFO] - Train, Round 071: Loss=0.0056, Accuracy=0.998617
[2025-09-23 17:52:34,475][__main__][INFO] - Train, Round 072: Loss=0.0059, Accuracy=0.998617
[2025-09-23 17:52:34,475][__main__][INFO] - Train, Round 073: Loss=0.0053, Accuracy=0.998650
[2025-09-23 17:52:34,475][__main__][INFO] - Train, Round 074: Loss=0.0051, Accuracy=0.998650
[2025-09-23 17:52:34,475][__main__][INFO] - Train, Round 075: Loss=0.0050, Accuracy=0.998667
[2025-09-23 17:52:34,475][__main__][INFO] - Train, Round 076: Loss=0.0034, Accuracy=0.999417
[2025-09-23 17:52:34,475][__main__][INFO] - Train, Round 077: Loss=0.0032, Accuracy=0.999350
[2025-09-23 17:52:34,475][__main__][INFO] - Train, Round 078: Loss=0.0031, Accuracy=0.999350
[2025-09-23 17:52:34,475][__main__][INFO] - Train, Round 079: Loss=0.0029, Accuracy=0.999500
[2025-09-23 17:52:34,475][__main__][INFO] - Train, Round 080: Loss=0.0027, Accuracy=0.999550
[2025-09-23 17:52:34,475][__main__][INFO] - Train, Round 081: Loss=0.0025, Accuracy=0.999633
[2025-09-23 17:52:34,475][__main__][INFO] - Train, Round 082: Loss=0.0024, Accuracy=0.999633
[2025-09-23 17:52:34,475][__main__][INFO] - Train, Round 083: Loss=0.0024, Accuracy=0.999633
[2025-09-23 17:52:34,475][__main__][INFO] - Train, Round 084: Loss=0.0023, Accuracy=0.999633
[2025-09-23 17:52:34,475][__main__][INFO] - Train, Round 085: Loss=0.0041, Accuracy=0.998817
[2025-09-23 17:52:34,475][__main__][INFO] - Train, Round 086: Loss=0.0032, Accuracy=0.999333
[2025-09-23 17:52:34,475][__main__][INFO] - Train, Round 087: Loss=0.0031, Accuracy=0.999367
[2025-09-23 17:52:34,475][__main__][INFO] - Train, Round 088: Loss=0.0031, Accuracy=0.999417
[2025-09-23 17:52:34,475][__main__][INFO] - Train, Round 089: Loss=0.0031, Accuracy=0.999417
[2025-09-23 17:52:34,475][__main__][INFO] - Train, Round 090: Loss=0.0030, Accuracy=0.999433
[2025-09-23 17:52:34,475][__main__][INFO] - Train, Round 091: Loss=0.0027, Accuracy=0.999500
[2025-09-23 17:52:34,475][__main__][INFO] - Train, Round 092: Loss=0.0026, Accuracy=0.999517
[2025-09-23 17:52:34,475][__main__][INFO] - Train, Round 093: Loss=0.0027, Accuracy=0.999517
[2025-09-23 17:52:34,475][__main__][INFO] - Train, Round 094: Loss=0.0027, Accuracy=0.999517
[2025-09-23 17:52:34,475][__main__][INFO] - Train, Round 095: Loss=0.0027, Accuracy=0.999517
[2025-09-23 17:52:34,475][__main__][INFO] - Train, Round 096: Loss=0.0026, Accuracy=0.999517
[2025-09-23 17:52:34,475][__main__][INFO] - Train, Round 097: Loss=0.0026, Accuracy=0.999533
[2025-09-23 17:52:34,475][__main__][INFO] - Train, Round 098: Loss=0.0024, Accuracy=0.999533
[2025-09-23 17:52:34,475][__main__][INFO] - Train, Round 099: Loss=0.0015, Accuracy=0.999800
[2025-09-23 17:52:34,475][__main__][INFO] - Train, Round 100: Loss=0.0015, Accuracy=0.999800
[2025-09-23 17:52:34,475][__main__][INFO] - Test, Round 001: Loss=4.0000, Accuracy=0.279100
[2025-09-23 17:52:34,475][__main__][INFO] - Test, Round 002: Loss=5.0395, Accuracy=0.377700
[2025-09-23 17:52:34,475][__main__][INFO] - Test, Round 003: Loss=5.4565, Accuracy=0.463700
[2025-09-23 17:52:34,475][__main__][INFO] - Test, Round 004: Loss=4.3503, Accuracy=0.533500
[2025-09-23 17:52:34,475][__main__][INFO] - Test, Round 005: Loss=3.7710, Accuracy=0.584700
[2025-09-23 17:52:34,475][__main__][INFO] - Test, Round 006: Loss=2.9899, Accuracy=0.647800
[2025-09-23 17:52:34,475][__main__][INFO] - Test, Round 007: Loss=2.4176, Accuracy=0.697500
[2025-09-23 17:52:34,475][__main__][INFO] - Test, Round 008: Loss=1.9282, Accuracy=0.731300
[2025-09-23 17:52:34,475][__main__][INFO] - Test, Round 009: Loss=1.5682, Accuracy=0.765600
[2025-09-23 17:52:34,475][__main__][INFO] - Test, Round 010: Loss=1.1555, Accuracy=0.790400
[2025-09-23 17:52:34,475][__main__][INFO] - Test, Round 011: Loss=1.2107, Accuracy=0.825100
[2025-09-23 17:52:34,475][__main__][INFO] - Test, Round 012: Loss=1.0382, Accuracy=0.854300
[2025-09-23 17:52:34,475][__main__][INFO] - Test, Round 013: Loss=0.9273, Accuracy=0.874500
[2025-09-23 17:52:34,475][__main__][INFO] - Test, Round 014: Loss=0.9095, Accuracy=0.875600
[2025-09-23 17:52:34,475][__main__][INFO] - Test, Round 015: Loss=0.5893, Accuracy=0.876400
[2025-09-23 17:52:34,475][__main__][INFO] - Test, Round 016: Loss=0.6031, Accuracy=0.889000
[2025-09-23 17:52:34,475][__main__][INFO] - Test, Round 017: Loss=0.5049, Accuracy=0.893100
[2025-09-23 17:52:34,475][__main__][INFO] - Test, Round 018: Loss=0.4193, Accuracy=0.899400
[2025-09-23 17:52:34,475][__main__][INFO] - Test, Round 019: Loss=0.3979, Accuracy=0.913000
[2025-09-23 17:52:34,475][__main__][INFO] - Test, Round 020: Loss=0.3998, Accuracy=0.916300
[2025-09-23 17:52:34,475][__main__][INFO] - Test, Round 021: Loss=0.3624, Accuracy=0.928100
[2025-09-23 17:52:34,475][__main__][INFO] - Test, Round 022: Loss=0.2952, Accuracy=0.938800
[2025-09-23 17:52:34,476][__main__][INFO] - Test, Round 023: Loss=0.2702, Accuracy=0.944700
[2025-09-23 17:52:34,476][__main__][INFO] - Test, Round 024: Loss=0.2661, Accuracy=0.945900
[2025-09-23 17:52:34,476][__main__][INFO] - Test, Round 025: Loss=0.2604, Accuracy=0.949700
[2025-09-23 17:52:34,476][__main__][INFO] - Test, Round 026: Loss=0.3035, Accuracy=0.945600
[2025-09-23 17:52:34,476][__main__][INFO] - Test, Round 027: Loss=0.3021, Accuracy=0.945900
[2025-09-23 17:52:34,476][__main__][INFO] - Test, Round 028: Loss=0.1480, Accuracy=0.953400
[2025-09-23 17:52:34,476][__main__][INFO] - Test, Round 029: Loss=0.1668, Accuracy=0.956400
[2025-09-23 17:52:34,476][__main__][INFO] - Test, Round 030: Loss=0.1340, Accuracy=0.964200
[2025-09-23 17:52:34,476][__main__][INFO] - Test, Round 031: Loss=0.1206, Accuracy=0.970500
[2025-09-23 17:52:34,476][__main__][INFO] - Test, Round 032: Loss=0.1245, Accuracy=0.968400
[2025-09-23 17:52:34,476][__main__][INFO] - Test, Round 033: Loss=0.1197, Accuracy=0.969600
[2025-09-23 17:52:34,476][__main__][INFO] - Test, Round 034: Loss=0.1096, Accuracy=0.972100
[2025-09-23 17:52:34,476][__main__][INFO] - Test, Round 035: Loss=0.1098, Accuracy=0.971500
[2025-09-23 17:52:34,476][__main__][INFO] - Test, Round 036: Loss=0.1073, Accuracy=0.973100
[2025-09-23 17:52:34,476][__main__][INFO] - Test, Round 037: Loss=0.0458, Accuracy=0.983200
[2025-09-23 17:52:34,476][__main__][INFO] - Test, Round 038: Loss=0.0662, Accuracy=0.984200
[2025-09-23 17:52:34,476][__main__][INFO] - Test, Round 039: Loss=0.0646, Accuracy=0.984200
[2025-09-23 17:52:34,476][__main__][INFO] - Test, Round 040: Loss=0.0657, Accuracy=0.983800
[2025-09-23 17:52:34,476][__main__][INFO] - Test, Round 041: Loss=0.0646, Accuracy=0.984200
[2025-09-23 17:52:34,476][__main__][INFO] - Test, Round 042: Loss=0.0641, Accuracy=0.984400
[2025-09-23 17:52:34,476][__main__][INFO] - Test, Round 043: Loss=0.0637, Accuracy=0.984600
[2025-09-23 17:52:34,476][__main__][INFO] - Test, Round 044: Loss=0.0629, Accuracy=0.985200
[2025-09-23 17:52:34,476][__main__][INFO] - Test, Round 045: Loss=0.0631, Accuracy=0.984500
[2025-09-23 17:52:34,476][__main__][INFO] - Test, Round 046: Loss=0.0625, Accuracy=0.984800
[2025-09-23 17:52:34,476][__main__][INFO] - Test, Round 047: Loss=0.0627, Accuracy=0.985200
[2025-09-23 17:52:34,476][__main__][INFO] - Test, Round 048: Loss=0.0616, Accuracy=0.985900
[2025-09-23 17:52:34,476][__main__][INFO] - Test, Round 049: Loss=0.0614, Accuracy=0.986100
[2025-09-23 17:52:34,476][__main__][INFO] - Test, Round 050: Loss=0.0624, Accuracy=0.985400
[2025-09-23 17:52:34,476][__main__][INFO] - Test, Round 051: Loss=0.0362, Accuracy=0.985500
[2025-09-23 17:52:34,476][__main__][INFO] - Test, Round 052: Loss=0.0359, Accuracy=0.985400
[2025-09-23 17:52:34,476][__main__][INFO] - Test, Round 053: Loss=0.0356, Accuracy=0.985400
[2025-09-23 17:52:34,476][__main__][INFO] - Test, Round 054: Loss=0.0434, Accuracy=0.983100
[2025-09-23 17:52:34,476][__main__][INFO] - Test, Round 055: Loss=0.0353, Accuracy=0.985400
[2025-09-23 17:52:34,476][__main__][INFO] - Test, Round 056: Loss=0.0354, Accuracy=0.985400
[2025-09-23 17:52:34,476][__main__][INFO] - Test, Round 057: Loss=0.0324, Accuracy=0.989500
[2025-09-23 17:52:34,476][__main__][INFO] - Test, Round 058: Loss=0.0294, Accuracy=0.990000
[2025-09-23 17:52:34,476][__main__][INFO] - Test, Round 059: Loss=0.0285, Accuracy=0.989900
[2025-09-23 17:52:34,476][__main__][INFO] - Test, Round 060: Loss=0.0283, Accuracy=0.989900
[2025-09-23 17:52:34,476][__main__][INFO] - Test, Round 061: Loss=0.0265, Accuracy=0.990500
[2025-09-23 17:52:34,476][__main__][INFO] - Test, Round 062: Loss=0.0262, Accuracy=0.991100
[2025-09-23 17:52:34,476][__main__][INFO] - Test, Round 063: Loss=0.0261, Accuracy=0.991000
[2025-09-23 17:52:34,476][__main__][INFO] - Test, Round 064: Loss=0.0259, Accuracy=0.991000
[2025-09-23 17:52:34,476][__main__][INFO] - Test, Round 065: Loss=0.0266, Accuracy=0.990900
[2025-09-23 17:52:34,476][__main__][INFO] - Test, Round 066: Loss=0.0266, Accuracy=0.991200
[2025-09-23 17:52:34,476][__main__][INFO] - Test, Round 067: Loss=0.0267, Accuracy=0.991000
[2025-09-23 17:52:34,476][__main__][INFO] - Test, Round 068: Loss=0.0266, Accuracy=0.991200
[2025-09-23 17:52:34,476][__main__][INFO] - Test, Round 069: Loss=0.0268, Accuracy=0.991000
[2025-09-23 17:52:34,476][__main__][INFO] - Test, Round 070: Loss=0.0265, Accuracy=0.991200
[2025-09-23 17:52:34,476][__main__][INFO] - Test, Round 071: Loss=0.0285, Accuracy=0.990500
[2025-09-23 17:52:34,476][__main__][INFO] - Test, Round 072: Loss=0.0285, Accuracy=0.990400
[2025-09-23 17:52:34,476][__main__][INFO] - Test, Round 073: Loss=0.0286, Accuracy=0.990500
[2025-09-23 17:52:34,476][__main__][INFO] - Test, Round 074: Loss=0.0284, Accuracy=0.990600
[2025-09-23 17:52:34,476][__main__][INFO] - Test, Round 075: Loss=0.0284, Accuracy=0.991000
[2025-09-23 17:52:34,476][__main__][INFO] - Test, Round 076: Loss=0.0257, Accuracy=0.992100
[2025-09-23 17:52:34,476][__main__][INFO] - Test, Round 077: Loss=0.0256, Accuracy=0.992100
[2025-09-23 17:52:34,476][__main__][INFO] - Test, Round 078: Loss=0.0253, Accuracy=0.992200
[2025-09-23 17:52:34,476][__main__][INFO] - Test, Round 079: Loss=0.0252, Accuracy=0.991900
[2025-09-23 17:52:34,476][__main__][INFO] - Test, Round 080: Loss=0.0251, Accuracy=0.992100
[2025-09-23 17:52:34,476][__main__][INFO] - Test, Round 081: Loss=0.0250, Accuracy=0.992200
[2025-09-23 17:52:34,476][__main__][INFO] - Test, Round 082: Loss=0.0252, Accuracy=0.992300
[2025-09-23 17:52:34,476][__main__][INFO] - Test, Round 083: Loss=0.0251, Accuracy=0.992000
[2025-09-23 17:52:34,476][__main__][INFO] - Test, Round 084: Loss=0.0249, Accuracy=0.992100
[2025-09-23 17:52:34,476][__main__][INFO] - Test, Round 085: Loss=0.0262, Accuracy=0.991500
[2025-09-23 17:52:34,476][__main__][INFO] - Test, Round 086: Loss=0.0260, Accuracy=0.991900
[2025-09-23 17:52:34,476][__main__][INFO] - Test, Round 087: Loss=0.0263, Accuracy=0.991700
[2025-09-23 17:52:34,476][__main__][INFO] - Test, Round 088: Loss=0.0262, Accuracy=0.991600
[2025-09-23 17:52:34,476][__main__][INFO] - Test, Round 089: Loss=0.0259, Accuracy=0.991900
[2025-09-23 17:52:34,476][__main__][INFO] - Test, Round 090: Loss=0.0258, Accuracy=0.991800
[2025-09-23 17:52:34,476][__main__][INFO] - Test, Round 091: Loss=0.0256, Accuracy=0.992000
[2025-09-23 17:52:34,477][__main__][INFO] - Test, Round 092: Loss=0.0256, Accuracy=0.991800
[2025-09-23 17:52:34,477][__main__][INFO] - Test, Round 093: Loss=0.0256, Accuracy=0.992000
[2025-09-23 17:52:34,477][__main__][INFO] - Test, Round 094: Loss=0.0257, Accuracy=0.992000
[2025-09-23 17:52:34,477][__main__][INFO] - Test, Round 095: Loss=0.0263, Accuracy=0.992000
[2025-09-23 17:52:34,477][__main__][INFO] - Test, Round 096: Loss=0.0260, Accuracy=0.992200
[2025-09-23 17:52:34,477][__main__][INFO] - Test, Round 097: Loss=0.0258, Accuracy=0.992000
[2025-09-23 17:52:34,477][__main__][INFO] - Test, Round 098: Loss=0.0258, Accuracy=0.992000
[2025-09-23 17:52:34,477][__main__][INFO] - Test, Round 099: Loss=0.0248, Accuracy=0.992200
[2025-09-23 17:52:34,477][__main__][INFO] - Test, Round 100: Loss=0.0250, Accuracy=0.992300
